<?xml version="1.0" encoding="UTF-8"?>
<coverage generated="1788834899412" clover="3.2.0">
  <project timestamp="1788834899412" name="All files">
    <metrics statements="282" coveredstatements="267" conditionals="226" coveredconditionals="183" methods="65" coveredmethods="59" elements="573" coveredelements="509" complexity="0" loc="282" ncloc="282" packages="3" files="11" classes="11"/>
    <package name="lib">
      <metrics statements="1" coveredstatements="0" conditionals="0" coveredconditionals="0" methods="1" coveredmethods="0"/>
      <file name="utils.ts" path="/Users/jonatanbarrosdejesus/Downloads/personalizacoes-main/cifras-louvor/src/lib/utils.ts">
        <metrics statements="1" coveredstatements="0" conditionals="0" coveredconditionals="0" methods="1" coveredmethods="0"/>
        <line num="5" count="0" type="stmt"/>
      </file>
    </package>
    <package name="lib.chordpro">
      <metrics statements="117" coveredstatements="113" conditionals="92" coveredconditionals="73" methods="21" coveredmethods="20"/>
      <file name="index.ts" path="/Users/jonatanbarrosdejesus/Downloads/personalizacoes-main/cifras-louvor/src/lib/chordpro/index.ts">
        <metrics statements="0" coveredstatements="0" conditionals="0" coveredconditionals="0" methods="0" coveredmethods="0"/>
      </file>
      <file name="parser.ts" path="/Users/jonatanbarrosdejesus/Downloads/personalizacoes-main/cifras-louvor/src/lib/chordpro/parser.ts">
        <metrics statements="74" coveredstatements="72" conditionals="53" coveredconditionals="48" methods="7" coveredmethods="7"/>
        <line num="16" count="2" type="stmt"/>
        <line num="19" count="2" type="stmt"/>
        <line num="45" count="2" type="stmt"/>
        <line num="63" count="2" type="stmt"/>
        <line num="83" count="21" type="stmt"/>
        <line num="84" count="21" type="stmt"/>
        <line num="85" count="21" type="stmt"/>
        <line num="87" count="21" type="stmt"/>
        <line num="88" count="416" type="stmt"/>
        <line num="89" count="416" type="cond" truecount="2" falsecount="0"/>
        <line num="90" count="32" type="stmt"/>
        <line num="91" count="32" type="cond" truecount="2" falsecount="0"/>
        <line num="92" count="31" type="stmt"/>
        <line num="93" count="31" type="stmt"/>
        <line num="94" count="31" type="stmt"/>
        <line num="97" count="385" type="stmt"/>
        <line num="98" count="385" type="stmt"/>
        <line num="101" count="21" type="stmt"/>
        <line num="102" count="21" type="stmt"/>
        <line num="111" count="11" type="stmt"/>
        <line num="113" count="11" type="stmt"/>
        <line num="117" count="13" type="stmt"/>
        <line num="118" count="13" type="cond" truecount="2" falsecount="0"/>
        <line num="119" count="13" type="stmt"/>
        <line num="120" count="13" type="stmt"/>
        <line num="125" count="20" type="cond" truecount="2" falsecount="0"/>
        <line num="126" count="20" type="stmt"/>
        <line num="129" count="11" type="stmt"/>
        <line num="130" count="69" type="stmt"/>
        <line num="131" count="69" type="stmt"/>
        <line num="133" count="69" type="cond" truecount="2" falsecount="0"/>
        <line num="134" count="1" type="stmt"/>
        <line num="135" count="1" type="stmt"/>
        <line num="138" count="68" type="stmt"/>
        <line num="139" count="68" type="cond" truecount="2" falsecount="0"/>
        <line num="140" count="39" type="stmt"/>
        <line num="141" count="39" type="cond" truecount="2" falsecount="0"/>
        <line num="143" count="39" type="cond" truecount="2" falsecount="0"/>
        <line num="144" count="10" type="stmt"/>
        <line num="145" count="10" type="stmt"/>
        <line num="148" count="29" type="stmt"/>
        <line num="149" count="29" type="cond" truecount="2" falsecount="0"/>
        <line num="150" count="10" type="cond" truecount="2" falsecount="0"/>
        <line num="151" count="10" type="stmt"/>
        <line num="154" count="19" type="cond" truecount="5" falsecount="0"/>
        <line num="155" count="1" type="stmt"/>
        <line num="156" count="1" type="stmt"/>
        <line num="159" count="18" type="stmt"/>
        <line num="160" count="18" type="stmt"/>
        <line num="163" count="29" type="cond" truecount="2" falsecount="0"/>
        <line num="165" count="11" type="cond" truecount="2" falsecount="2"/>
        <line num="166" count="0" type="stmt"/>
        <line num="168" count="11" type="stmt"/>
        <line num="170" count="11" type="stmt"/>
        <line num="173" count="18" type="cond" truecount="2" falsecount="0"/>
        <line num="174" count="2" type="stmt"/>
        <line num="175" count="2" type="stmt"/>
        <line num="178" count="16" type="stmt"/>
        <line num="181" count="11" type="stmt"/>
        <line num="186" count="18" type="stmt"/>
        <line num="188" count="18" type="cond" truecount="4" falsecount="0"/>
        <line num="189" count="3" type="stmt"/>
        <line num="190" count="3" type="cond" truecount="1" falsecount="1"/>
        <line num="191" count="3" type="stmt"/>
        <line num="194" count="15" type="cond" truecount="6" falsecount="0"/>
        <line num="200" count="14" type="stmt"/>
        <line num="201" count="14" type="stmt"/>
        <line num="203" count="1" type="stmt"/>
        <line num="206" count="1" type="cond" truecount="1" falsecount="1"/>
        <line num="211" count="11" type="stmt"/>
        <line num="212" count="13" type="cond" truecount="2" falsecount="0"/>
        <line num="213" count="0" type="stmt"/>
        <line num="216" count="13" type="stmt"/>
        <line num="217" count="11" type="stmt"/>
      </file>
      <file name="serializer.ts" path="/Users/jonatanbarrosdejesus/Downloads/personalizacoes-main/cifras-louvor/src/lib/chordpro/serializer.ts">
        <metrics statements="29" coveredstatements="28" conditionals="26" coveredconditionals="14" methods="4" coveredmethods="4"/>
        <line num="10" count="1" type="stmt"/>
        <line num="24" count="4" type="cond" truecount="1" falsecount="1"/>
        <line num="25" count="4" type="cond" truecount="1" falsecount="1"/>
        <line num="26" count="4" type="cond" truecount="1" falsecount="1"/>
        <line num="29" count="4" type="stmt"/>
        <line num="30" count="4" type="stmt"/>
        <line num="31" count="4" type="stmt"/>
        <line num="32" count="6" type="stmt"/>
        <line num="33" count="6" type="stmt"/>
        <line num="35" count="4" type="stmt"/>
        <line num="39" count="2" type="stmt"/>
        <line num="40" count="2" type="cond" truecount="1" falsecount="1"/>
        <line num="42" count="2" type="stmt"/>
        <line num="43" count="2" type="cond" truecount="2" falsecount="0"/>
        <line num="46" count="2" type="stmt"/>
        <line num="51" count="1" type="stmt"/>
        <line num="53" count="1" type="cond" truecount="1" falsecount="1"/>
        <line num="54" count="1" type="cond" truecount="1" falsecount="1"/>
        <line num="55" count="1" type="cond" truecount="1" falsecount="1"/>
        <line num="56" count="1" type="cond" truecount="1" falsecount="1"/>
        <line num="57" count="1" type="cond" truecount="1" falsecount="1"/>
        <line num="58" count="1" type="cond" truecount="1" falsecount="1"/>
        <line num="59" count="1" type="cond" truecount="1" falsecount="1"/>
        <line num="60" count="1" type="stmt"/>
        <line num="61" count="0" type="stmt"/>
        <line num="64" count="1" type="stmt"/>
        <line num="65" count="2" type="cond" truecount="1" falsecount="1"/>
        <line num="66" count="2" type="stmt"/>
        <line num="69" count="1" type="stmt"/>
      </file>
      <file name="transposeSong.ts" path="/Users/jonatanbarrosdejesus/Downloads/personalizacoes-main/cifras-louvor/src/lib/chordpro/transposeSong.ts">
        <metrics statements="11" coveredstatements="11" conditionals="13" coveredconditionals="11" methods="5" coveredmethods="5"/>
        <line num="18" count="4" type="cond" truecount="3" falsecount="1"/>
        <line num="19" count="4" type="stmt"/>
        <line num="21" count="4" type="stmt"/>
        <line num="24" count="4" type="stmt"/>
        <line num="26" count="8" type="stmt"/>
        <line num="28" count="16" type="stmt"/>
        <line num="47" count="3" type="cond" truecount="4" falsecount="0"/>
        <line num="48" count="1" type="stmt"/>
        <line num="51" count="2" type="stmt"/>
        <line num="52" count="2" type="cond" truecount="2" falsecount="0"/>
        <line num="54" count="1" type="stmt"/>
      </file>
      <file name="types.ts" path="/Users/jonatanbarrosdejesus/Downloads/personalizacoes-main/cifras-louvor/src/lib/chordpro/types.ts">
        <metrics statements="3" coveredstatements="2" conditionals="0" coveredconditionals="0" methods="5" coveredmethods="4"/>
        <line num="59" count="0" type="stmt"/>
        <line num="64" count="7" type="stmt"/>
        <line num="65" count="25" type="stmt"/>
      </file>
    </package>
    <package name="lib.music">
      <metrics statements="164" coveredstatements="154" conditionals="134" coveredconditionals="110" methods="43" coveredmethods="39"/>
      <file name="chord.ts" path="/Users/jonatanbarrosdejesus/Downloads/personalizacoes-main/cifras-louvor/src/lib/music/chord.ts">
        <metrics statements="35" coveredstatements="33" conditionals="27" coveredconditionals="25" methods="8" coveredmethods="6"/>
        <line num="26" count="4" type="stmt"/>
        <line num="82" count="129" type="stmt"/>
        <line num="83" count="129" type="stmt"/>
        <line num="84" count="116" type="stmt"/>
        <line num="85" count="4379" type="cond" truecount="2" falsecount="0"/>
        <line num="86" count="91" type="stmt"/>
        <line num="87" count="91" type="stmt"/>
        <line num="90" count="25" type="stmt"/>
        <line num="92" count="104" type="stmt"/>
        <line num="95" count="4" type="stmt"/>
        <line num="102" count="124" type="stmt"/>
        <line num="103" count="124" type="cond" truecount="2" falsecount="0"/>
        <line num="107" count="123" type="stmt"/>
        <line num="108" count="123" type="cond" truecount="2" falsecount="0"/>
        <line num="110" count="30" type="stmt"/>
        <line num="111" count="30" type="cond" truecount="2" falsecount="0"/>
        <line num="113" count="12" type="stmt"/>
        <line num="114" count="12" type="stmt"/>
        <line num="115" count="12" type="cond" truecount="4" falsecount="0"/>
        <line num="117" count="10" type="stmt"/>
        <line num="122" count="135" type="stmt"/>
        <line num="123" count="135" type="cond" truecount="2" falsecount="0"/>
        <line num="125" count="129" type="stmt"/>
        <line num="126" count="129" type="stmt"/>
        <line num="127" count="129" type="cond" truecount="2" falsecount="0"/>
        <line num="131" count="104" type="cond" truecount="1" falsecount="1"/>
        <line num="132" count="135" type="stmt"/>
        <line num="137" count="79" type="cond" truecount="2" falsecount="0"/>
        <line num="142" count="1" type="stmt"/>
        <line num="150" count="3" type="stmt"/>
        <line num="151" count="3" type="cond" truecount="1" falsecount="1"/>
        <line num="153" count="3" type="cond" truecount="2" falsecount="0"/>
        <line num="155" count="3" type="stmt"/>
        <line num="164" count="0" type="stmt"/>
        <line num="169" count="0" type="stmt"/>
      </file>
      <file name="index.ts" path="/Users/jonatanbarrosdejesus/Downloads/personalizacoes-main/cifras-louvor/src/lib/music/index.ts">
        <metrics statements="0" coveredstatements="0" conditionals="0" coveredconditionals="0" methods="0" coveredmethods="0"/>
      </file>
      <file name="key.ts" path="/Users/jonatanbarrosdejesus/Downloads/personalizacoes-main/cifras-louvor/src/lib/music/key.ts">
        <metrics statements="68" coveredstatements="68" conditionals="52" coveredconditionals="46" methods="18" coveredmethods="18"/>
        <line num="19" count="3" type="stmt"/>
        <line num="21" count="3" type="stmt"/>
        <line num="28" count="3" type="stmt"/>
        <line num="29" count="3" type="stmt"/>
        <line num="32" count="3" type="stmt"/>
        <line num="34" count="3" type="stmt"/>
        <line num="36" count="3" type="stmt"/>
        <line num="37" count="3" type="stmt"/>
        <line num="39" count="3" type="stmt"/>
        <line num="43" count="46" type="stmt"/>
        <line num="44" count="46" type="cond" truecount="2" falsecount="0"/>
        <line num="46" count="44" type="stmt"/>
        <line num="47" count="44" type="cond" truecount="1" falsecount="1"/>
        <line num="49" count="44" type="cond" truecount="2" falsecount="0"/>
        <line num="54" count="42" type="cond" truecount="2" falsecount="0"/>
        <line num="59" count="134" type="cond" truecount="2" falsecount="0"/>
        <line num="60" count="134" type="cond" truecount="2" falsecount="0"/>
        <line num="61" count="103" type="cond" truecount="1" falsecount="1"/>
        <line num="66" count="3" type="stmt"/>
        <line num="67" count="36" type="stmt"/>
        <line num="73" count="144" type="cond" truecount="1" falsecount="1"/>
        <line num="78" count="1" type="stmt"/>
        <line num="83" count="98" type="cond" truecount="2" falsecount="0"/>
        <line num="84" count="98" type="cond" truecount="2" falsecount="0"/>
        <line num="85" count="98" type="stmt"/>
        <line num="86" count="98" type="stmt"/>
        <line num="88" count="98" type="stmt"/>
        <line num="89" count="686" type="stmt"/>
        <line num="107" count="7" type="stmt"/>
        <line num="108" count="21" type="cond" truecount="1" falsecount="1"/>
        <line num="109" count="21" type="stmt"/>
        <line num="111" count="7" type="cond" truecount="2" falsecount="0"/>
        <line num="113" count="4" type="stmt"/>
        <line num="114" count="4" type="stmt"/>
        <line num="116" count="4" type="stmt"/>
        <line num="118" count="4" type="stmt"/>
        <line num="119" count="8" type="stmt"/>
        <line num="120" count="96" type="stmt"/>
        <line num="121" count="96" type="stmt"/>
        <line num="123" count="672" type="stmt"/>
        <line num="124" count="672" type="stmt"/>
        <line num="125" count="672" type="stmt"/>
        <line num="129" count="96" type="stmt"/>
        <line num="130" count="96" type="stmt"/>
        <line num="131" count="456" type="stmt"/>
        <line num="132" count="456" type="cond" truecount="1" falsecount="1"/>
        <line num="133" count="456" type="stmt"/>
        <line num="134" count="456" type="cond" truecount="2" falsecount="0"/>
        <line num="135" count="342" type="cond" truecount="2" falsecount="0"/>
        <line num="138" count="96" type="cond" truecount="2" falsecount="0"/>
        <line num="139" count="96" type="cond" truecount="2" falsecount="0"/>
        <line num="141" count="96" type="stmt"/>
        <line num="142" count="96" type="cond" truecount="4" falsecount="0"/>
        <line num="143" count="8" type="stmt"/>
        <line num="148" count="4" type="stmt"/>
        <line num="153" count="472" type="cond" truecount="1" falsecount="1"/>
        <line num="154" count="472" type="cond" truecount="2" falsecount="0"/>
        <line num="155" count="318" type="stmt"/>
        <line num="159" count="342" type="stmt"/>
        <line num="160" count="1930" type="cond" truecount="2" falsecount="0"/>
        <line num="162" count="190" type="stmt"/>
        <line num="166" count="192" type="stmt"/>
        <line num="167" count="192" type="cond" truecount="4" falsecount="0"/>
        <line num="168" count="16" type="stmt"/>
        <line num="169" count="16" type="cond" truecount="2" falsecount="0"/>
        <line num="174" count="57" type="cond" truecount="2" falsecount="0"/>
        <line num="175" count="57" type="stmt"/>
        <line num="180" count="44" type="stmt"/>
      </file>
      <file name="notes.ts" path="/Users/jonatanbarrosdejesus/Downloads/personalizacoes-main/cifras-louvor/src/lib/music/notes.ts">
        <metrics statements="33" coveredstatements="25" conditionals="15" coveredconditionals="9" methods="6" coveredmethods="4"/>
        <line num="23" count="4" type="stmt"/>
        <line num="26" count="4" type="stmt"/>
        <line num="36" count="4" type="stmt"/>
        <line num="39" count="4" type="stmt"/>
        <line num="55" count="4" type="stmt"/>
        <line num="70" count="4" type="stmt"/>
        <line num="74" count="1692" type="stmt"/>
        <line num="75" count="1692" type="stmt"/>
        <line num="77" count="1692" type="stmt"/>
        <line num="78" count="381" type="cond" truecount="4" falsecount="2"/>
        <line num="81" count="318" type="stmt"/>
        <line num="82" count="318" type="stmt"/>
        <line num="83" count="318" type="stmt"/>
        <line num="86" count="63" type="stmt"/>
        <line num="87" count="63" type="stmt"/>
        <line num="88" count="63" type="stmt"/>
        <line num="90" count="0" type="stmt"/>
        <line num="91" count="0" type="stmt"/>
        <line num="92" count="0" type="stmt"/>
        <line num="94" count="0" type="stmt"/>
        <line num="98" count="1692" type="stmt"/>
        <line num="103" count="2629" type="stmt"/>
        <line num="111" count="1693" type="stmt"/>
        <line num="112" count="1693" type="cond" truecount="2" falsecount="0"/>
        <line num="114" count="1692" type="stmt"/>
        <line num="115" count="1692" type="stmt"/>
        <line num="117" count="1692" type="stmt"/>
        <line num="127" count="0" type="cond" truecount="0" falsecount="2"/>
        <line num="132" count="874" type="cond" truecount="2" falsecount="0"/>
        <line num="133" count="874" type="stmt"/>
        <line num="138" count="0" type="stmt"/>
        <line num="139" count="0" type="stmt"/>
        <line num="140" count="0" type="cond" truecount="0" falsecount="2"/>
      </file>
      <file name="transpose.ts" path="/Users/jonatanbarrosdejesus/Downloads/personalizacoes-main/cifras-louvor/src/lib/music/transpose.ts">
        <metrics statements="28" coveredstatements="28" conditionals="40" coveredconditionals="30" methods="11" coveredmethods="11"/>
        <line num="31" count="48" type="cond" truecount="1" falsecount="0"/>
        <line num="32" count="48" type="cond" truecount="2" falsecount="0"/>
        <line num="34" count="31" type="cond" truecount="2" falsecount="0"/>
        <line num="35" count="48" type="cond" truecount="1" falsecount="1"/>
        <line num="44" count="52" type="stmt"/>
        <line num="45" count="52" type="cond" truecount="1" falsecount="1"/>
        <line num="46" count="52" type="stmt"/>
        <line num="55" count="48" type="stmt"/>
        <line num="56" count="48" type="stmt"/>
        <line num="72" count="50" type="stmt"/>
        <line num="73" count="50" type="cond" truecount="2" falsecount="0"/>
        <line num="74" count="48" type="stmt"/>
        <line num="79" count="13" type="stmt"/>
        <line num="80" count="13" type="cond" truecount="1" falsecount="1"/>
        <line num="81" count="13" type="stmt"/>
        <line num="89" count="1" type="cond" truecount="1" falsecount="1"/>
        <line num="90" count="1" type="cond" truecount="1" falsecount="1"/>
        <line num="91" count="1" type="cond" truecount="3" falsecount="1"/>
        <line num="92" count="1" type="stmt"/>
        <line num="100" count="5" type="stmt"/>
        <line num="101" count="5" type="cond" truecount="2" falsecount="0"/>
        <line num="106" count="3" type="stmt"/>
        <line num="107" count="3" type="cond" truecount="2" falsecount="0"/>
        <line num="108" count="2" type="cond" truecount="2" falsecount="0"/>
        <line num="117" count="4" type="stmt"/>
        <line num="122" count="13" type="cond" truecount="1" falsecount="1"/>
        <line num="123" count="13" type="cond" truecount="1" falsecount="3"/>
        <line num="124" count="13" type="stmt"/>
      </file>
    </package>
  </project>
</coverage>
