{"/Users/jonatanbarrosdejesus/Downloads/personalizacoes-main/cifras-louvor/src/lib/utils.ts": {"path":"/Users/jonatanbarrosdejesus/Downloads/personalizacoes-main/cifras-louvor/src/lib/utils.ts","statementMap":{"0":{"start":{"line":5,"column":2},"end":{"line":5,"column":null}}},"fnMap":{"0":{"name":"cn","decl":{"start":{"line":4,"column":16},"end":{"line":4,"column":19}},"loc":{"start":{"line":4,"column":44},"end":{"line":6,"column":null}},"line":4}},"branchMap":{},"s":{"0":0},"f":{"0":0},"b":{},"meta":{"lastBranch":0,"lastFunction":1,"lastStatement":1,"seen":{"f:4:16:4:19":0,"s:5:2:5:Infinity":0},"fnNames":{}}}
,"/Users/jonatanbarrosdejesus/Downloads/personalizacoes-main/cifras-louvor/src/lib/chordpro/index.ts": {"path":"/Users/jonatanbarrosdejesus/Downloads/personalizacoes-main/cifras-louvor/src/lib/chordpro/index.ts","statementMap":{},"fnMap":{},"branchMap":{},"s":{},"f":{},"b":{},"meta":{"lastBranch":0,"lastFunction":0,"lastStatement":0,"seen":{},"fnNames":{}}}
,"/Users/jonatanbarrosdejesus/Downloads/personalizacoes-main/cifras-louvor/src/lib/chordpro/parser.ts": {"path":"/Users/jonatanbarrosdejesus/Downloads/personalizacoes-main/cifras-louvor/src/lib/chordpro/parser.ts","statementMap":{"0":{"start":{"line":16,"column":26},"end":{"line":16,"column":null}},"1":{"start":{"line":19,"column":53},"end":{"line":43,"column":null}},"2":{"start":{"line":45,"column":23},"end":{"line":60,"column":null}},"3":{"start":{"line":63,"column":57},"end":{"line":76,"column":null}},"4":{"start":{"line":83,"column":30},"end":{"line":83,"column":null}},"5":{"start":{"line":84,"column":15},"end":{"line":84,"column":null}},"6":{"start":{"line":85,"column":14},"end":{"line":85,"column":null}},"7":{"start":{"line":87,"column":2},"end":{"line":99,"column":null}},"8":{"start":{"line":88,"column":17},"end":{"line":88,"column":null}},"9":{"start":{"line":89,"column":4},"end":{"line":96,"column":null}},"10":{"start":{"line":90,"column":20},"end":{"line":90,"column":null}},"11":{"start":{"line":91,"column":6},"end":{"line":95,"column":null}},"12":{"start":{"line":92,"column":8},"end":{"line":92,"column":null}},"13":{"start":{"line":93,"column":8},"end":{"line":93,"column":null}},"14":{"start":{"line":94,"column":8},"end":{"line":94,"column":null}},"15":{"start":{"line":97,"column":4},"end":{"line":97,"column":null}},"16":{"start":{"line":98,"column":4},"end":{"line":98,"column":null}},"17":{"start":{"line":101,"column":18},"end":{"line":101,"column":null}},"18":{"start":{"line":102,"column":2},"end":{"line":106,"column":null}},"19":{"start":{"line":111,"column":29},"end":{"line":111,"column":null}},"20":{"start":{"line":113,"column":36},"end":{"line":113,"column":null}},"21":{"start":{"line":117,"column":33},"end":{"line":117,"column":null}},"22":{"start":{"line":118,"column":4},"end":{"line":118,"column":null}},"23":{"start":{"line":118,"column":14},"end":{"line":118,"column":null}},"24":{"start":{"line":119,"column":4},"end":{"line":119,"column":null}},"25":{"start":{"line":120,"column":4},"end":{"line":120,"column":null}},"26":{"start":{"line":125,"column":4},"end":{"line":125,"column":null}},"27":{"start":{"line":125,"column":26},"end":{"line":125,"column":null}},"28":{"start":{"line":126,"column":4},"end":{"line":126,"column":null}},"29":{"start":{"line":129,"column":2},"end":{"line":179,"column":null}},"30":{"start":{"line":130,"column":17},"end":{"line":130,"column":null}},"31":{"start":{"line":131,"column":20},"end":{"line":131,"column":null}},"32":{"start":{"line":133,"column":4},"end":{"line":136,"column":null}},"33":{"start":{"line":134,"column":6},"end":{"line":134,"column":null}},"34":{"start":{"line":135,"column":6},"end":{"line":135,"column":null}},"35":{"start":{"line":138,"column":22},"end":{"line":138,"column":null}},"36":{"start":{"line":139,"column":4},"end":{"line":161,"column":null}},"37":{"start":{"line":140,"column":19},"end":{"line":140,"column":null}},"38":{"start":{"line":141,"column":20},"end":{"line":141,"column":null}},"39":{"start":{"line":143,"column":6},"end":{"line":146,"column":null}},"40":{"start":{"line":144,"column":8},"end":{"line":144,"column":null}},"41":{"start":{"line":145,"column":8},"end":{"line":145,"column":null}},"42":{"start":{"line":148,"column":26},"end":{"line":148,"column":null}},"43":{"start":{"line":149,"column":6},"end":{"line":152,"column":null}},"44":{"start":{"line":150,"column":8},"end":{"line":150,"column":null}},"45":{"start":{"line":151,"column":8},"end":{"line":151,"column":null}},"46":{"start":{"line":154,"column":6},"end":{"line":157,"column":null}},"47":{"start":{"line":155,"column":8},"end":{"line":155,"column":null}},"48":{"start":{"line":156,"column":8},"end":{"line":156,"column":null}},"49":{"start":{"line":159,"column":6},"end":{"line":159,"column":null}},"50":{"start":{"line":160,"column":6},"end":{"line":160,"column":null}},"51":{"start":{"line":163,"column":4},"end":{"line":171,"column":null}},"52":{"start":{"line":165,"column":6},"end":{"line":169,"column":null}},"53":{"start":{"line":166,"column":8},"end":{"line":166,"column":null}},"54":{"start":{"line":168,"column":8},"end":{"line":168,"column":null}},"55":{"start":{"line":170,"column":6},"end":{"line":170,"column":null}},"56":{"start":{"line":173,"column":4},"end":{"line":176,"column":null}},"57":{"start":{"line":174,"column":6},"end":{"line":174,"column":null}},"58":{"start":{"line":175,"column":6},"end":{"line":175,"column":null}},"59":{"start":{"line":178,"column":4},"end":{"line":178,"column":null}},"60":{"start":{"line":181,"column":2},"end":{"line":181,"column":null}},"61":{"start":{"line":186,"column":16},"end":{"line":186,"column":null}},"62":{"start":{"line":188,"column":2},"end":{"line":192,"column":null}},"63":{"start":{"line":189,"column":19},"end":{"line":189,"column":null}},"64":{"start":{"line":190,"column":4},"end":{"line":190,"column":null}},"65":{"start":{"line":190,"column":33},"end":{"line":190,"column":null}},"66":{"start":{"line":191,"column":4},"end":{"line":191,"column":null}},"67":{"start":{"line":194,"column":2},"end":{"line":204,"column":null}},"68":{"start":{"line":200,"column":6},"end":{"line":200,"column":null}},"69":{"start":{"line":201,"column":6},"end":{"line":201,"column":null}},"70":{"start":{"line":203,"column":6},"end":{"line":203,"column":null}},"71":{"start":{"line":206,"column":2},"end":{"line":206,"column":null}},"72":{"start":{"line":206,"column":24},"end":{"line":206,"column":null}},"73":{"start":{"line":211,"column":2},"end":{"line":215,"column":null}},"74":{"start":{"line":212,"column":4},"end":{"line":214,"column":null}},"75":{"start":{"line":213,"column":6},"end":{"line":213,"column":null}},"76":{"start":{"line":216,"column":2},"end":{"line":216,"column":null}},"77":{"start":{"line":216,"column":52},"end":{"line":216,"column":76}},"78":{"start":{"line":217,"column":2},"end":{"line":217,"column":null}}},"fnMap":{"0":{"name":"parseLine","decl":{"start":{"line":82,"column":16},"end":{"line":82,"column":26}},"loc":{"start":{"line":82,"column":49},"end":{"line":107,"column":null}},"line":82},"1":{"name":"parseChordPro","decl":{"start":{"line":110,"column":16},"end":{"line":110,"column":30}},"loc":{"start":{"line":110,"column":60},"end":{"line":182,"column":null}},"line":110},"2":{"name":"openSection","decl":{"start":{"line":116,"column":11},"end":{"line":116,"column":23}},"loc":{"start":{"line":116,"column":70},"end":{"line":121,"column":null}},"line":116},"3":{"name":"pushLine","decl":{"start":{"line":124,"column":11},"end":{"line":124,"column":20}},"loc":{"start":{"line":124,"column":42},"end":{"line":127,"column":null}},"line":124},"4":{"name":"applyMeta","decl":{"start":{"line":185,"column":9},"end":{"line":185,"column":19}},"loc":{"start":{"line":185,"column":74},"end":{"line":207,"column":null}},"line":185},"5":{"name":"trimTrailingEmptyLines","decl":{"start":{"line":210,"column":9},"end":{"line":210,"column":32}},"loc":{"start":{"line":210,"column":66},"end":{"line":218,"column":null}},"line":210},"6":{"name":"(anonymous_6)","decl":{"start":{"line":216,"column":32},"end":{"line":216,"column":40}},"loc":{"start":{"line":216,"column":52},"end":{"line":216,"column":76}},"line":216}},"branchMap":{"0":{"loc":{"start":{"line":89,"column":4},"end":{"line":96,"column":null}},"type":"if","locations":[{"start":{"line":89,"column":4},"end":{"line":96,"column":null}},{"start":{},"end":{}}],"line":89},"1":{"loc":{"start":{"line":91,"column":6},"end":{"line":95,"column":null}},"type":"if","locations":[{"start":{"line":91,"column":6},"end":{"line":95,"column":null}},{"start":{},"end":{}}],"line":91},"2":{"loc":{"start":{"line":103,"column":10},"end":{"line":103,"column":null}},"type":"cond-expr","locations":[{"start":{"line":103,"column":56},"end":{"line":103,"column":66}},{"start":{"line":103,"column":66},"end":{"line":103,"column":null}}],"line":103},"3":{"loc":{"start":{"line":103,"column":10},"end":{"line":103,"column":56}},"type":"binary-expr","locations":[{"start":{"line":103,"column":10},"end":{"line":103,"column":34}},{"start":{"line":103,"column":34},"end":{"line":103,"column":56}}],"line":103},"4":{"loc":{"start":{"line":118,"column":4},"end":{"line":118,"column":null}},"type":"if","locations":[{"start":{"line":118,"column":4},"end":{"line":118,"column":null}},{"start":{},"end":{}}],"line":118},"5":{"loc":{"start":{"line":125,"column":4},"end":{"line":125,"column":null}},"type":"if","locations":[{"start":{"line":125,"column":4},"end":{"line":125,"column":null}},{"start":{},"end":{}}],"line":125},"6":{"loc":{"start":{"line":133,"column":4},"end":{"line":136,"column":null}},"type":"if","locations":[{"start":{"line":133,"column":4},"end":{"line":136,"column":null}},{"start":{},"end":{}}],"line":133},"7":{"loc":{"start":{"line":139,"column":4},"end":{"line":161,"column":null}},"type":"if","locations":[{"start":{"line":139,"column":4},"end":{"line":161,"column":null}},{"start":{},"end":{}}],"line":139},"8":{"loc":{"start":{"line":141,"column":20},"end":{"line":141,"column":null}},"type":"binary-expr","locations":[{"start":{"line":141,"column":20},"end":{"line":141,"column":44}},{"start":{"line":141,"column":44},"end":{"line":141,"column":null}}],"line":141},"9":{"loc":{"start":{"line":143,"column":6},"end":{"line":146,"column":null}},"type":"if","locations":[{"start":{"line":143,"column":6},"end":{"line":146,"column":null}},{"start":{},"end":{}}],"line":143},"10":{"loc":{"start":{"line":149,"column":6},"end":{"line":152,"column":null}},"type":"if","locations":[{"start":{"line":149,"column":6},"end":{"line":152,"column":null}},{"start":{},"end":{}}],"line":149},"11":{"loc":{"start":{"line":150,"column":43},"end":{"line":150,"column":61}},"type":"binary-expr","locations":[{"start":{"line":150,"column":43},"end":{"line":150,"column":52}},{"start":{"line":150,"column":52},"end":{"line":150,"column":61}}],"line":150},"12":{"loc":{"start":{"line":154,"column":6},"end":{"line":157,"column":null}},"type":"if","locations":[{"start":{"line":154,"column":6},"end":{"line":157,"column":null}},{"start":{},"end":{}}],"line":154},"13":{"loc":{"start":{"line":154,"column":10},"end":{"line":154,"column":75}},"type":"binary-expr","locations":[{"start":{"line":154,"column":10},"end":{"line":154,"column":32}},{"start":{"line":154,"column":32},"end":{"line":154,"column":48}},{"start":{"line":154,"column":48},"end":{"line":154,"column":75}}],"line":154},"14":{"loc":{"start":{"line":163,"column":4},"end":{"line":171,"column":null}},"type":"if","locations":[{"start":{"line":163,"column":4},"end":{"line":171,"column":null}},{"start":{},"end":{}}],"line":163},"15":{"loc":{"start":{"line":165,"column":6},"end":{"line":169,"column":null}},"type":"if","locations":[{"start":{"line":165,"column":6},"end":{"line":169,"column":null}},{"start":{"line":167,"column":13},"end":{"line":169,"column":null}}],"line":165},"16":{"loc":{"start":{"line":165,"column":10},"end":{"line":165,"column":46}},"type":"binary-expr","locations":[{"start":{"line":165,"column":10},"end":{"line":165,"column":21}},{"start":{"line":165,"column":21},"end":{"line":165,"column":46}}],"line":165},"17":{"loc":{"start":{"line":173,"column":4},"end":{"line":176,"column":null}},"type":"if","locations":[{"start":{"line":173,"column":4},"end":{"line":176,"column":null}},{"start":{},"end":{}}],"line":173},"18":{"loc":{"start":{"line":188,"column":2},"end":{"line":192,"column":null}},"type":"if","locations":[{"start":{"line":188,"column":2},"end":{"line":192,"column":null}},{"start":{},"end":{}}],"line":188},"19":{"loc":{"start":{"line":188,"column":6},"end":{"line":188,"column":43}},"type":"binary-expr","locations":[{"start":{"line":188,"column":6},"end":{"line":188,"column":25}},{"start":{"line":188,"column":25},"end":{"line":188,"column":43}}],"line":188},"20":{"loc":{"start":{"line":190,"column":4},"end":{"line":190,"column":null}},"type":"if","locations":[{"start":{"line":190,"column":4},"end":{"line":190,"column":null}},{"start":{},"end":{}}],"line":190},"21":{"loc":{"start":{"line":194,"column":2},"end":{"line":204,"column":null}},"type":"switch","locations":[{"start":{"line":195,"column":4},"end":{"line":195,"column":null}},{"start":{"line":196,"column":4},"end":{"line":196,"column":null}},{"start":{"line":197,"column":4},"end":{"line":197,"column":null}},{"start":{"line":198,"column":4},"end":{"line":198,"column":null}},{"start":{"line":199,"column":4},"end":{"line":201,"column":null}},{"start":{"line":202,"column":4},"end":{"line":203,"column":null}}],"line":194},"22":{"loc":{"start":{"line":206,"column":2},"end":{"line":206,"column":null}},"type":"if","locations":[{"start":{"line":206,"column":2},"end":{"line":206,"column":null}},{"start":{},"end":{}}],"line":206},"23":{"loc":{"start":{"line":212,"column":11},"end":{"line":212,"column":98}},"type":"binary-expr","locations":[{"start":{"line":212,"column":11},"end":{"line":212,"column":39}},{"start":{"line":212,"column":39},"end":{"line":212,"column":98}}],"line":212}},"s":{"0":2,"1":2,"2":2,"3":2,"4":21,"5":21,"6":21,"7":21,"8":416,"9":416,"10":32,"11":32,"12":31,"13":31,"14":31,"15":385,"16":385,"17":21,"18":21,"19":11,"20":11,"21":13,"22":13,"23":3,"24":13,"25":13,"26":20,"27":3,"28":20,"29":11,"30":69,"31":69,"32":69,"33":1,"34":1,"35":68,"36":68,"37":39,"38":39,"39":39,"40":10,"41":10,"42":29,"43":29,"44":10,"45":10,"46":19,"47":1,"48":1,"49":18,"50":18,"51":29,"52":11,"53":0,"54":11,"55":11,"56":18,"57":2,"58":2,"59":16,"60":11,"61":18,"62":18,"63":3,"64":3,"65":3,"66":3,"67":15,"68":14,"69":14,"70":1,"71":1,"72":1,"73":11,"74":13,"75":0,"76":11,"77":13,"78":11},"f":{"0":21,"1":11,"2":13,"3":20,"4":18,"5":11,"6":13},"b":{"0":[32,384],"1":[31,1],"2":[0,21],"3":[21,1],"4":[3,10],"5":[3,17],"6":[1,68],"7":[39,29],"8":[39,17],"9":[10,29],"10":[10,19],"11":[10,7],"12":[1,18],"13":[19,18,18],"14":[11,18],"15":[0,11],"16":[11,0],"17":[2,16],"18":[3,15],"19":[18,15],"20":[3,0],"21":[4,7,7,11,14,1],"22":[1,0],"23":[13,13]},"meta":{"lastBranch":24,"lastFunction":7,"lastStatement":79,"seen":{"s:16:26:16:Infinity":0,"s:19:53:43:Infinity":1,"s:45:23:60:Infinity":2,"s:63:57:76:Infinity":3,"f:82:16:82:26":0,"s:83:30:83:Infinity":4,"s:84:15:84:Infinity":5,"s:85:14:85:Infinity":6,"s:87:2:99:Infinity":7,"s:88:17:88:Infinity":8,"b:89:4:96:Infinity:undefined:undefined:undefined:undefined":0,"s:89:4:96:Infinity":9,"s:90:20:90:Infinity":10,"b:91:6:95:Infinity:undefined:undefined:undefined:undefined":1,"s:91:6:95:Infinity":11,"s:92:8:92:Infinity":12,"s:93:8:93:Infinity":13,"s:94:8:94:Infinity":14,"s:97:4:97:Infinity":15,"s:98:4:98:Infinity":16,"s:101:18:101:Infinity":17,"s:102:2:106:Infinity":18,"b:103:56:103:66:103:66:103:Infinity":2,"b:103:10:103:34:103:34:103:56":3,"f:110:16:110:30":1,"s:111:29:111:Infinity":19,"s:113:36:113:Infinity":20,"f:116:11:116:23":2,"s:117:33:117:Infinity":21,"b:118:4:118:Infinity:undefined:undefined:undefined:undefined":4,"s:118:4:118:Infinity":22,"s:118:14:118:Infinity":23,"s:119:4:119:Infinity":24,"s:120:4:120:Infinity":25,"f:124:11:124:20":3,"b:125:4:125:Infinity:undefined:undefined:undefined:undefined":5,"s:125:4:125:Infinity":26,"s:125:26:125:Infinity":27,"s:126:4:126:Infinity":28,"s:129:2:179:Infinity":29,"s:130:17:130:Infinity":30,"s:131:20:131:Infinity":31,"b:133:4:136:Infinity:undefined:undefined:undefined:undefined":6,"s:133:4:136:Infinity":32,"s:134:6:134:Infinity":33,"s:135:6:135:Infinity":34,"s:138:22:138:Infinity":35,"b:139:4:161:Infinity:undefined:undefined:undefined:undefined":7,"s:139:4:161:Infinity":36,"s:140:19:140:Infinity":37,"s:141:20:141:Infinity":38,"b:141:20:141:44:141:44:141:Infinity":8,"b:143:6:146:Infinity:undefined:undefined:undefined:undefined":9,"s:143:6:146:Infinity":39,"s:144:8:144:Infinity":40,"s:145:8:145:Infinity":41,"s:148:26:148:Infinity":42,"b:149:6:152:Infinity:undefined:undefined:undefined:undefined":10,"s:149:6:152:Infinity":43,"s:150:8:150:Infinity":44,"b:150:43:150:52:150:52:150:61":11,"s:151:8:151:Infinity":45,"b:154:6:157:Infinity:undefined:undefined:undefined:undefined":12,"s:154:6:157:Infinity":46,"b:154:10:154:32:154:32:154:48:154:48:154:75":13,"s:155:8:155:Infinity":47,"s:156:8:156:Infinity":48,"s:159:6:159:Infinity":49,"s:160:6:160:Infinity":50,"b:163:4:171:Infinity:undefined:undefined:undefined:undefined":14,"s:163:4:171:Infinity":51,"b:165:6:169:Infinity:167:13:169:Infinity":15,"s:165:6:169:Infinity":52,"b:165:10:165:21:165:21:165:46":16,"s:166:8:166:Infinity":53,"s:168:8:168:Infinity":54,"s:170:6:170:Infinity":55,"b:173:4:176:Infinity:undefined:undefined:undefined:undefined":17,"s:173:4:176:Infinity":56,"s:174:6:174:Infinity":57,"s:175:6:175:Infinity":58,"s:178:4:178:Infinity":59,"s:181:2:181:Infinity":60,"f:185:9:185:19":4,"s:186:16:186:Infinity":61,"b:188:2:192:Infinity:undefined:undefined:undefined:undefined":18,"s:188:2:192:Infinity":62,"b:188:6:188:25:188:25:188:43":19,"s:189:19:189:Infinity":63,"b:190:4:190:Infinity:undefined:undefined:undefined:undefined":20,"s:190:4:190:Infinity":64,"s:190:33:190:Infinity":65,"s:191:4:191:Infinity":66,"b:195:4:195:Infinity:196:4:196:Infinity:197:4:197:Infinity:198:4:198:Infinity:199:4:201:Infinity:202:4:203:Infinity":21,"s:194:2:204:Infinity":67,"s:200:6:200:Infinity":68,"s:201:6:201:Infinity":69,"s:203:6:203:Infinity":70,"b:206:2:206:Infinity:undefined:undefined:undefined:undefined":22,"s:206:2:206:Infinity":71,"s:206:24:206:Infinity":72,"f:210:9:210:32":5,"s:211:2:215:Infinity":73,"s:212:4:214:Infinity":74,"b:212:11:212:39:212:39:212:98":23,"s:213:6:213:Infinity":75,"s:216:2:216:Infinity":76,"f:216:32:216:40":6,"s:216:52:216:76":77,"s:217:2:217:Infinity":78},"fnNames":{}}}
,"/Users/jonatanbarrosdejesus/Downloads/personalizacoes-main/cifras-louvor/src/lib/chordpro/serializer.ts": {"path":"/Users/jonatanbarrosdejesus/Downloads/personalizacoes-main/cifras-louvor/src/lib/chordpro/serializer.ts","statementMap":{"0":{"start":{"line":10,"column":73},"end":{"line":20,"column":null}},"1":{"start":{"line":24,"column":2},"end":{"line":24,"column":null}},"2":{"start":{"line":24,"column":31},"end":{"line":24,"column":null}},"3":{"start":{"line":25,"column":2},"end":{"line":25,"column":null}},"4":{"start":{"line":25,"column":27},"end":{"line":25,"column":null}},"5":{"start":{"line":26,"column":2},"end":{"line":26,"column":null}},"6":{"start":{"line":26,"column":29},"end":{"line":26,"column":null}},"7":{"start":{"line":29,"column":18},"end":{"line":29,"column":null}},"8":{"start":{"line":29,"column":50},"end":{"line":29,"column":73}},"9":{"start":{"line":30,"column":13},"end":{"line":30,"column":null}},"10":{"start":{"line":31,"column":2},"end":{"line":34,"column":null}},"11":{"start":{"line":32,"column":15},"end":{"line":32,"column":null}},"12":{"start":{"line":33,"column":4},"end":{"line":33,"column":null}},"13":{"start":{"line":35,"column":2},"end":{"line":35,"column":null}},"14":{"start":{"line":39,"column":15},"end":{"line":39,"column":null}},"15":{"start":{"line":40,"column":2},"end":{"line":40,"column":null}},"16":{"start":{"line":40,"column":31},"end":{"line":40,"column":null}},"17":{"start":{"line":42,"column":20},"end":{"line":42,"column":null}},"18":{"start":{"line":43,"column":15},"end":{"line":45,"column":null}},"19":{"start":{"line":46,"column":2},"end":{"line":46,"column":null}},"20":{"start":{"line":51,"column":26},"end":{"line":51,"column":null}},"21":{"start":{"line":53,"column":2},"end":{"line":53,"column":null}},"22":{"start":{"line":53,"column":18},"end":{"line":53,"column":null}},"23":{"start":{"line":54,"column":2},"end":{"line":54,"column":null}},"24":{"start":{"line":54,"column":19},"end":{"line":54,"column":null}},"25":{"start":{"line":55,"column":2},"end":{"line":55,"column":null}},"26":{"start":{"line":55,"column":21},"end":{"line":55,"column":null}},"27":{"start":{"line":56,"column":2},"end":{"line":56,"column":null}},"28":{"start":{"line":56,"column":16},"end":{"line":56,"column":null}},"29":{"start":{"line":57,"column":2},"end":{"line":57,"column":null}},"30":{"start":{"line":57,"column":30},"end":{"line":57,"column":null}},"31":{"start":{"line":58,"column":2},"end":{"line":58,"column":null}},"32":{"start":{"line":58,"column":26},"end":{"line":58,"column":null}},"33":{"start":{"line":59,"column":2},"end":{"line":59,"column":null}},"34":{"start":{"line":59,"column":31},"end":{"line":59,"column":null}},"35":{"start":{"line":60,"column":2},"end":{"line":62,"column":null}},"36":{"start":{"line":61,"column":4},"end":{"line":61,"column":null}},"37":{"start":{"line":64,"column":2},"end":{"line":67,"column":null}},"38":{"start":{"line":65,"column":4},"end":{"line":65,"column":null}},"39":{"start":{"line":65,"column":26},"end":{"line":65,"column":null}},"40":{"start":{"line":66,"column":4},"end":{"line":66,"column":null}},"41":{"start":{"line":69,"column":2},"end":{"line":69,"column":null}}},"fnMap":{"0":{"name":"serializeLine","decl":{"start":{"line":23,"column":16},"end":{"line":23,"column":30}},"loc":{"start":{"line":23,"column":54},"end":{"line":36,"column":null}},"line":23},"1":{"name":"(anonymous_1)","decl":{"start":{"line":29,"column":35},"end":{"line":29,"column":41}},"loc":{"start":{"line":29,"column":50},"end":{"line":29,"column":73}},"line":29},"2":{"name":"serializeSection","decl":{"start":{"line":38,"column":9},"end":{"line":38,"column":26}},"loc":{"start":{"line":38,"column":58},"end":{"line":47,"column":null}},"line":38},"3":{"name":"serializeChordPro","decl":{"start":{"line":50,"column":16},"end":{"line":50,"column":34}},"loc":{"start":{"line":50,"column":62},"end":{"line":70,"column":null}},"line":50}},"branchMap":{"0":{"loc":{"start":{"line":24,"column":2},"end":{"line":24,"column":null}},"type":"if","locations":[{"start":{"line":24,"column":2},"end":{"line":24,"column":null}},{"start":{},"end":{}}],"line":24},"1":{"loc":{"start":{"line":25,"column":2},"end":{"line":25,"column":null}},"type":"if","locations":[{"start":{"line":25,"column":2},"end":{"line":25,"column":null}},{"start":{},"end":{}}],"line":25},"2":{"loc":{"start":{"line":26,"column":2},"end":{"line":26,"column":null}},"type":"if","locations":[{"start":{"line":26,"column":2},"end":{"line":26,"column":null}},{"start":{},"end":{}}],"line":26},"3":{"loc":{"start":{"line":40,"column":2},"end":{"line":40,"column":null}},"type":"if","locations":[{"start":{"line":40,"column":2},"end":{"line":40,"column":null}},{"start":{},"end":{}}],"line":40},"4":{"loc":{"start":{"line":43,"column":15},"end":{"line":45,"column":null}},"type":"cond-expr","locations":[{"start":{"line":44,"column":6},"end":{"line":44,"column":null}},{"start":{"line":45,"column":6},"end":{"line":45,"column":null}}],"line":43},"5":{"loc":{"start":{"line":53,"column":2},"end":{"line":53,"column":null}},"type":"if","locations":[{"start":{"line":53,"column":2},"end":{"line":53,"column":null}},{"start":{},"end":{}}],"line":53},"6":{"loc":{"start":{"line":54,"column":2},"end":{"line":54,"column":null}},"type":"if","locations":[{"start":{"line":54,"column":2},"end":{"line":54,"column":null}},{"start":{},"end":{}}],"line":54},"7":{"loc":{"start":{"line":55,"column":2},"end":{"line":55,"column":null}},"type":"if","locations":[{"start":{"line":55,"column":2},"end":{"line":55,"column":null}},{"start":{},"end":{}}],"line":55},"8":{"loc":{"start":{"line":56,"column":2},"end":{"line":56,"column":null}},"type":"if","locations":[{"start":{"line":56,"column":2},"end":{"line":56,"column":null}},{"start":{},"end":{}}],"line":56},"9":{"loc":{"start":{"line":57,"column":2},"end":{"line":57,"column":null}},"type":"if","locations":[{"start":{"line":57,"column":2},"end":{"line":57,"column":null}},{"start":{},"end":{}}],"line":57},"10":{"loc":{"start":{"line":58,"column":2},"end":{"line":58,"column":null}},"type":"if","locations":[{"start":{"line":58,"column":2},"end":{"line":58,"column":null}},{"start":{},"end":{}}],"line":58},"11":{"loc":{"start":{"line":59,"column":2},"end":{"line":59,"column":null}},"type":"if","locations":[{"start":{"line":59,"column":2},"end":{"line":59,"column":null}},{"start":{},"end":{}}],"line":59},"12":{"loc":{"start":{"line":65,"column":4},"end":{"line":65,"column":null}},"type":"if","locations":[{"start":{"line":65,"column":4},"end":{"line":65,"column":null}},{"start":{},"end":{}}],"line":65}},"s":{"0":1,"1":4,"2":0,"3":4,"4":0,"5":4,"6":0,"7":4,"8":2,"9":4,"10":4,"11":6,"12":6,"13":4,"14":2,"15":2,"16":0,"17":2,"18":2,"19":2,"20":1,"21":1,"22":1,"23":1,"24":1,"25":1,"26":0,"27":1,"28":1,"29":1,"30":1,"31":1,"32":1,"33":1,"34":0,"35":1,"36":0,"37":1,"38":2,"39":2,"40":2,"41":1},"f":{"0":4,"1":2,"2":2,"3":1},"b":{"0":[0,4],"1":[0,4],"2":[0,4],"3":[0,2],"4":[1,1],"5":[1,0],"6":[1,0],"7":[0,1],"8":[1,0],"9":[1,0],"10":[1,0],"11":[0,1],"12":[2,0]},"meta":{"lastBranch":13,"lastFunction":4,"lastStatement":42,"seen":{"s:10:73:20:Infinity":0,"f:23:16:23:30":0,"b:24:2:24:Infinity:undefined:undefined:undefined:undefined":0,"s:24:2:24:Infinity":1,"s:24:31:24:Infinity":2,"b:25:2:25:Infinity:undefined:undefined:undefined:undefined":1,"s:25:2:25:Infinity":3,"s:25:27:25:Infinity":4,"b:26:2:26:Infinity:undefined:undefined:undefined:undefined":2,"s:26:2:26:Infinity":5,"s:26:29:26:Infinity":6,"s:29:18:29:Infinity":7,"f:29:35:29:41":1,"s:29:50:29:73":8,"s:30:13:30:Infinity":9,"s:31:2:34:Infinity":10,"s:32:15:32:Infinity":11,"s:33:4:33:Infinity":12,"s:35:2:35:Infinity":13,"f:38:9:38:26":2,"s:39:15:39:Infinity":14,"b:40:2:40:Infinity:undefined:undefined:undefined:undefined":3,"s:40:2:40:Infinity":15,"s:40:31:40:Infinity":16,"s:42:20:42:Infinity":17,"s:43:15:45:Infinity":18,"b:44:6:44:Infinity:45:6:45:Infinity":4,"s:46:2:46:Infinity":19,"f:50:16:50:34":3,"s:51:26:51:Infinity":20,"b:53:2:53:Infinity:undefined:undefined:undefined:undefined":5,"s:53:2:53:Infinity":21,"s:53:18:53:Infinity":22,"b:54:2:54:Infinity:undefined:undefined:undefined:undefined":6,"s:54:2:54:Infinity":23,"s:54:19:54:Infinity":24,"b:55:2:55:Infinity:undefined:undefined:undefined:undefined":7,"s:55:2:55:Infinity":25,"s:55:21:55:Infinity":26,"b:56:2:56:Infinity:undefined:undefined:undefined:undefined":8,"s:56:2:56:Infinity":27,"s:56:16:56:Infinity":28,"b:57:2:57:Infinity:undefined:undefined:undefined:undefined":9,"s:57:2:57:Infinity":29,"s:57:30:57:Infinity":30,"b:58:2:58:Infinity:undefined:undefined:undefined:undefined":10,"s:58:2:58:Infinity":31,"s:58:26:58:Infinity":32,"b:59:2:59:Infinity:undefined:undefined:undefined:undefined":11,"s:59:2:59:Infinity":33,"s:59:31:59:Infinity":34,"s:60:2:62:Infinity":35,"s:61:4:61:Infinity":36,"s:64:2:67:Infinity":37,"b:65:4:65:Infinity:undefined:undefined:undefined:undefined":12,"s:65:4:65:Infinity":38,"s:65:26:65:Infinity":39,"s:66:4:66:Infinity":40,"s:69:2:69:Infinity":41},"fnNames":{}}}
,"/Users/jonatanbarrosdejesus/Downloads/personalizacoes-main/cifras-louvor/src/lib/chordpro/transposeSong.ts": {"path":"/Users/jonatanbarrosdejesus/Downloads/personalizacoes-main/cifras-louvor/src/lib/chordpro/transposeSong.ts","statementMap":{"0":{"start":{"line":18,"column":20},"end":{"line":18,"column":null}},"1":{"start":{"line":19,"column":37},"end":{"line":19,"column":null}},"2":{"start":{"line":21,"column":2},"end":{"line":34,"column":null}},"3":{"start":{"line":24,"column":46},"end":{"line":33,"column":6}},"4":{"start":{"line":26,"column":42},"end":{"line":32,"column":8}},"5":{"start":{"line":28,"column":43},"end":{"line":31,"column":10}},"6":{"start":{"line":47,"column":2},"end":{"line":49,"column":null}},"7":{"start":{"line":48,"column":4},"end":{"line":48,"column":null}},"8":{"start":{"line":51,"column":20},"end":{"line":51,"column":null}},"9":{"start":{"line":52,"column":2},"end":{"line":52,"column":null}},"10":{"start":{"line":52,"column":18},"end":{"line":52,"column":null}},"11":{"start":{"line":54,"column":2},"end":{"line":58,"column":null}}},"fnMap":{"0":{"name":"transposeSong","decl":{"start":{"line":13,"column":16},"end":{"line":13,"column":null}},"loc":{"start":{"line":17,"column":16},"end":{"line":35,"column":null}},"line":17},"1":{"name":"(anonymous_1)","decl":{"start":{"line":24,"column":28},"end":{"line":24,"column":33}},"loc":{"start":{"line":24,"column":46},"end":{"line":33,"column":6}},"line":24},"2":{"name":"(anonymous_2)","decl":{"start":{"line":26,"column":27},"end":{"line":26,"column":32}},"loc":{"start":{"line":26,"column":42},"end":{"line":32,"column":8}},"line":26},"3":{"name":"(anonymous_3)","decl":{"start":{"line":28,"column":28},"end":{"line":28,"column":33}},"loc":{"start":{"line":28,"column":43},"end":{"line":31,"column":10}},"line":28},"4":{"name":"resolveSongKey","decl":{"start":{"line":42,"column":16},"end":{"line":42,"column":31}},"loc":{"start":{"line":46,"column":2},"end":{"line":59,"column":null}},"line":46}},"branchMap":{"0":{"loc":{"start":{"line":16,"column":2},"end":{"line":16,"column":null}},"type":"default-arg","locations":[{"start":{"line":16,"column":30},"end":{"line":16,"column":null}}],"line":16},"1":{"loc":{"start":{"line":18,"column":20},"end":{"line":18,"column":null}},"type":"binary-expr","locations":[{"start":{"line":18,"column":20},"end":{"line":18,"column":42}},{"start":{"line":18,"column":42},"end":{"line":18,"column":null}}],"line":18},"2":{"loc":{"start":{"line":18,"column":42},"end":{"line":18,"column":null}},"type":"cond-expr","locations":[{"start":{"line":18,"column":53},"end":{"line":18,"column":94}},{"start":{"line":18,"column":94},"end":{"line":18,"column":null}}],"line":18},"3":{"loc":{"start":{"line":23,"column":9},"end":{"line":23,"column":null}},"type":"cond-expr","locations":[{"start":{"line":23,"column":20},"end":{"line":23,"column":61}},{"start":{"line":23,"column":61},"end":{"line":23,"column":null}}],"line":23},"4":{"loc":{"start":{"line":47,"column":2},"end":{"line":49,"column":null}},"type":"if","locations":[{"start":{"line":47,"column":2},"end":{"line":49,"column":null}},{"start":{},"end":{}}],"line":47},"5":{"loc":{"start":{"line":47,"column":6},"end":{"line":47,"column":38}},"type":"binary-expr","locations":[{"start":{"line":47,"column":6},"end":{"line":47,"column":18}},{"start":{"line":47,"column":18},"end":{"line":47,"column":38}}],"line":47},"6":{"loc":{"start":{"line":52,"column":2},"end":{"line":52,"column":null}},"type":"if","locations":[{"start":{"line":52,"column":2},"end":{"line":52,"column":null}},{"start":{},"end":{}}],"line":52}},"s":{"0":4,"1":4,"2":4,"3":4,"4":8,"5":16,"6":3,"7":1,"8":2,"9":2,"10":1,"11":1},"f":{"0":4,"1":4,"2":8,"3":16,"4":3},"b":{"0":[4],"1":[4,4],"2":[4,0],"3":[4,0],"4":[1,2],"5":[3,1],"6":[1,1]},"meta":{"lastBranch":7,"lastFunction":5,"lastStatement":12,"seen":{"f:13:16:13:Infinity":0,"b:16:30:16:Infinity":0,"s:18:20:18:Infinity":0,"b:18:20:18:42:18:42:18:Infinity":1,"b:18:53:18:94:18:94:18:Infinity":2,"s:19:37:19:Infinity":1,"s:21:2:34:Infinity":2,"b:23:20:23:61:23:61:23:Infinity":3,"f:24:28:24:33":1,"s:24:46:33:6":3,"f:26:27:26:32":2,"s:26:42:32:8":4,"f:28:28:28:33":3,"s:28:43:31:10":5,"f:42:16:42:31":4,"b:47:2:49:Infinity:undefined:undefined:undefined:undefined":4,"s:47:2:49:Infinity":6,"b:47:6:47:18:47:18:47:38":5,"s:48:4:48:Infinity":7,"s:51:20:51:Infinity":8,"b:52:2:52:Infinity:undefined:undefined:undefined:undefined":6,"s:52:2:52:Infinity":9,"s:52:18:52:Infinity":10,"s:54:2:58:Infinity":11},"fnNames":{}}}
,"/Users/jonatanbarrosdejesus/Downloads/personalizacoes-main/cifras-louvor/src/lib/chordpro/types.ts": {"path":"/Users/jonatanbarrosdejesus/Downloads/personalizacoes-main/cifras-louvor/src/lib/chordpro/types.ts","statementMap":{"0":{"start":{"line":59,"column":2},"end":{"line":59,"column":null}},"1":{"start":{"line":64,"column":2},"end":{"line":66,"column":null}},"2":{"start":{"line":65,"column":4},"end":{"line":65,"column":null}},"3":{"start":{"line":65,"column":36},"end":{"line":65,"column":73}},"4":{"start":{"line":65,"column":62},"end":{"line":65,"column":72}}},"fnMap":{"0":{"name":"emptySongDocument","decl":{"start":{"line":58,"column":16},"end":{"line":58,"column":50}},"loc":{"start":{"line":58,"column":50},"end":{"line":60,"column":null}},"line":58},"1":{"name":"collectChords","decl":{"start":{"line":63,"column":16},"end":{"line":63,"column":30}},"loc":{"start":{"line":63,"column":60},"end":{"line":67,"column":null}},"line":63},"2":{"name":"(anonymous_2)","decl":{"start":{"line":64,"column":23},"end":{"line":64,"column":32}},"loc":{"start":{"line":65,"column":4},"end":{"line":65,"column":null}},"line":65},"3":{"name":"(anonymous_3)","decl":{"start":{"line":65,"column":18},"end":{"line":65,"column":27}},"loc":{"start":{"line":65,"column":36},"end":{"line":65,"column":73}},"line":65},"4":{"name":"(anonymous_4)","decl":{"start":{"line":65,"column":48},"end":{"line":65,"column":53}},"loc":{"start":{"line":65,"column":62},"end":{"line":65,"column":72}},"line":65}},"branchMap":{},"s":{"0":0,"1":7,"2":8,"3":13,"4":25},"f":{"0":0,"1":7,"2":8,"3":13,"4":25},"b":{},"meta":{"lastBranch":0,"lastFunction":5,"lastStatement":5,"seen":{"f:58:16:58:50":0,"s:59:2:59:Infinity":0,"f:63:16:63:30":1,"s:64:2:66:Infinity":1,"f:64:23:64:32":2,"s:65:4:65:Infinity":2,"f:65:18:65:27":3,"s:65:36:65:73":3,"f:65:48:65:53":4,"s:65:62:65:72":4},"fnNames":{}}}
,"/Users/jonatanbarrosdejesus/Downloads/personalizacoes-main/cifras-louvor/src/lib/music/chord.ts": {"path":"/Users/jonatanbarrosdejesus/Downloads/personalizacoes-main/cifras-louvor/src/lib/music/chord.ts","statementMap":{"0":{"start":{"line":26,"column":22},"end":{"line":78,"column":null}},"1":{"start":{"line":82,"column":13},"end":{"line":82,"column":null}},"2":{"start":{"line":83,"column":2},"end":{"line":91,"column":null}},"3":{"start":{"line":83,"column":9},"end":{"line":91,"column":null}},"4":{"start":{"line":84,"column":4},"end":{"line":89,"column":null}},"5":{"start":{"line":85,"column":6},"end":{"line":88,"column":null}},"6":{"start":{"line":86,"column":8},"end":{"line":86,"column":null}},"7":{"start":{"line":87,"column":8},"end":{"line":87,"column":null}},"8":{"start":{"line":90,"column":4},"end":{"line":90,"column":null}},"9":{"start":{"line":92,"column":2},"end":{"line":92,"column":null}},"10":{"start":{"line":95,"column":21},"end":{"line":95,"column":null}},"11":{"start":{"line":102,"column":15},"end":{"line":102,"column":null}},"12":{"start":{"line":103,"column":2},"end":{"line":103,"column":null}},"13":{"start":{"line":103,"column":25},"end":{"line":103,"column":null}},"14":{"start":{"line":107,"column":16},"end":{"line":107,"column":null}},"15":{"start":{"line":108,"column":2},"end":{"line":108,"column":null}},"16":{"start":{"line":108,"column":13},"end":{"line":108,"column":null}},"17":{"start":{"line":110,"column":16},"end":{"line":110,"column":null}},"18":{"start":{"line":111,"column":2},"end":{"line":111,"column":null}},"19":{"start":{"line":111,"column":18},"end":{"line":111,"column":null}},"20":{"start":{"line":113,"column":15},"end":{"line":113,"column":null}},"21":{"start":{"line":114,"column":15},"end":{"line":114,"column":null}},"22":{"start":{"line":115,"column":2},"end":{"line":115,"column":null}},"23":{"start":{"line":115,"column":30},"end":{"line":115,"column":null}},"24":{"start":{"line":117,"column":2},"end":{"line":117,"column":null}},"25":{"start":{"line":122,"column":20},"end":{"line":122,"column":null}},"26":{"start":{"line":123,"column":2},"end":{"line":123,"column":null}},"27":{"start":{"line":123,"column":18},"end":{"line":123,"column":null}},"28":{"start":{"line":125,"column":18},"end":{"line":125,"column":null}},"29":{"start":{"line":126,"column":17},"end":{"line":126,"column":null}},"30":{"start":{"line":127,"column":2},"end":{"line":127,"column":null}},"31":{"start":{"line":127,"column":30},"end":{"line":127,"column":null}},"32":{"start":{"line":131,"column":15},"end":{"line":131,"column":null}},"33":{"start":{"line":132,"column":2},"end":{"line":132,"column":null}},"34":{"start":{"line":137,"column":2},"end":{"line":137,"column":null}},"35":{"start":{"line":142,"column":2},"end":{"line":142,"column":null}},"36":{"start":{"line":150,"column":15},"end":{"line":150,"column":null}},"37":{"start":{"line":151,"column":2},"end":{"line":151,"column":null}},"38":{"start":{"line":151,"column":13},"end":{"line":151,"column":null}},"39":{"start":{"line":153,"column":19},"end":{"line":153,"column":null}},"40":{"start":{"line":155,"column":2},"end":{"line":159,"column":null}},"41":{"start":{"line":164,"column":2},"end":{"line":164,"column":null}},"42":{"start":{"line":169,"column":2},"end":{"line":169,"column":null}}},"fnMap":{"0":{"name":"isValidSuffix","decl":{"start":{"line":81,"column":9},"end":{"line":81,"column":23}},"loc":{"start":{"line":81,"column":48},"end":{"line":93,"column":null}},"line":81},"1":{"name":"parseChord","decl":{"start":{"line":101,"column":16},"end":{"line":101,"column":27}},"loc":{"start":{"line":101,"column":54},"end":{"line":118,"column":null}},"line":101},"2":{"name":"splitRootSuffix","decl":{"start":{"line":121,"column":9},"end":{"line":121,"column":25}},"loc":{"start":{"line":121,"column":80},"end":{"line":133,"column":null}},"line":121},"3":{"name":"formatChord","decl":{"start":{"line":136,"column":16},"end":{"line":136,"column":28}},"loc":{"start":{"line":136,"column":50},"end":{"line":138,"column":null}},"line":136},"4":{"name":"isChord","decl":{"start":{"line":141,"column":16},"end":{"line":141,"column":24}},"loc":{"start":{"line":141,"column":46},"end":{"line":143,"column":null}},"line":141},"5":{"name":"normalizeChord","decl":{"start":{"line":149,"column":16},"end":{"line":149,"column":31}},"loc":{"start":{"line":149,"column":86},"end":{"line":160,"column":null}},"line":149},"6":{"name":"normalizedChordName","decl":{"start":{"line":163,"column":16},"end":{"line":163,"column":36}},"loc":{"start":{"line":163,"column":58},"end":{"line":165,"column":null}},"line":163},"7":{"name":"chordRootNote","decl":{"start":{"line":168,"column":16},"end":{"line":168,"column":30}},"loc":{"start":{"line":168,"column":57},"end":{"line":170,"column":null}},"line":168}},"branchMap":{"0":{"loc":{"start":{"line":85,"column":6},"end":{"line":88,"column":null}},"type":"if","locations":[{"start":{"line":85,"column":6},"end":{"line":88,"column":null}},{"start":{},"end":{}}],"line":85},"1":{"loc":{"start":{"line":103,"column":2},"end":{"line":103,"column":null}},"type":"if","locations":[{"start":{"line":103,"column":2},"end":{"line":103,"column":null}},{"start":{},"end":{}}],"line":103},"2":{"loc":{"start":{"line":108,"column":2},"end":{"line":108,"column":null}},"type":"if","locations":[{"start":{"line":108,"column":2},"end":{"line":108,"column":null}},{"start":{},"end":{}}],"line":108},"3":{"loc":{"start":{"line":111,"column":2},"end":{"line":111,"column":null}},"type":"if","locations":[{"start":{"line":111,"column":2},"end":{"line":111,"column":null}},{"start":{},"end":{}}],"line":111},"4":{"loc":{"start":{"line":115,"column":2},"end":{"line":115,"column":null}},"type":"if","locations":[{"start":{"line":115,"column":2},"end":{"line":115,"column":null}},{"start":{},"end":{}}],"line":115},"5":{"loc":{"start":{"line":115,"column":6},"end":{"line":115,"column":30}},"type":"binary-expr","locations":[{"start":{"line":115,"column":6},"end":{"line":115,"column":15}},{"start":{"line":115,"column":15},"end":{"line":115,"column":30}}],"line":115},"6":{"loc":{"start":{"line":123,"column":2},"end":{"line":123,"column":null}},"type":"if","locations":[{"start":{"line":123,"column":2},"end":{"line":123,"column":null}},{"start":{},"end":{}}],"line":123},"7":{"loc":{"start":{"line":127,"column":2},"end":{"line":127,"column":null}},"type":"if","locations":[{"start":{"line":127,"column":2},"end":{"line":127,"column":null}},{"start":{},"end":{}}],"line":127},"8":{"loc":{"start":{"line":131,"column":15},"end":{"line":131,"column":null}},"type":"binary-expr","locations":[{"start":{"line":131,"column":15},"end":{"line":131,"column":43}},{"start":{"line":131,"column":43},"end":{"line":131,"column":null}}],"line":131},"9":{"loc":{"start":{"line":137,"column":38},"end":{"line":137,"column":null}},"type":"cond-expr","locations":[{"start":{"line":137,"column":51},"end":{"line":137,"column":70}},{"start":{"line":137,"column":70},"end":{"line":137,"column":null}}],"line":137},"10":{"loc":{"start":{"line":149,"column":45},"end":{"line":149,"column":86}},"type":"default-arg","locations":[{"start":{"line":149,"column":70},"end":{"line":149,"column":86}}],"line":149},"11":{"loc":{"start":{"line":151,"column":2},"end":{"line":151,"column":null}},"type":"if","locations":[{"start":{"line":151,"column":2},"end":{"line":151,"column":null}},{"start":{},"end":{}}],"line":151},"12":{"loc":{"start":{"line":153,"column":19},"end":{"line":153,"column":null}},"type":"cond-expr","locations":[{"start":{"line":153,"column":32},"end":{"line":153,"column":56}},{"start":{"line":153,"column":56},"end":{"line":153,"column":null}}],"line":153},"13":{"loc":{"start":{"line":158,"column":10},"end":{"line":158,"column":null}},"type":"cond-expr","locations":[{"start":{"line":158,"column":21},"end":{"line":158,"column":73}},{"start":{"line":158,"column":73},"end":{"line":158,"column":null}}],"line":158}},"s":{"0":4,"1":129,"2":129,"3":129,"4":116,"5":4379,"6":91,"7":91,"8":25,"9":104,"10":4,"11":124,"12":124,"13":1,"14":123,"15":123,"16":93,"17":30,"18":30,"19":18,"20":12,"21":12,"22":12,"23":2,"24":10,"25":135,"26":135,"27":6,"28":129,"29":129,"30":129,"31":25,"32":104,"33":135,"34":79,"35":1,"36":3,"37":3,"38":0,"39":3,"40":3,"41":0,"42":0},"f":{"0":129,"1":124,"2":135,"3":79,"4":1,"5":3,"6":0,"7":0},"b":{"0":[91,4288],"1":[1,123],"2":[93,30],"3":[18,12],"4":[2,10],"5":[12,11],"6":[6,129],"7":[25,104],"8":[104,0],"9":[9,70],"10":[3],"11":[0,3],"12":[1,2],"13":[1,2]},"meta":{"lastBranch":14,"lastFunction":8,"lastStatement":43,"seen":{"s:26:22:78:Infinity":0,"f:81:9:81:23":0,"s:82:13:82:Infinity":1,"s:83:2:91:Infinity":2,"s:83:9:91:Infinity":3,"s:84:4:89:Infinity":4,"b:85:6:88:Infinity:undefined:undefined:undefined:undefined":0,"s:85:6:88:Infinity":5,"s:86:8:86:Infinity":6,"s:87:8:87:Infinity":7,"s:90:4:90:Infinity":8,"s:92:2:92:Infinity":9,"s:95:21:95:Infinity":10,"f:101:16:101:27":1,"s:102:15:102:Infinity":11,"b:103:2:103:Infinity:undefined:undefined:undefined:undefined":1,"s:103:2:103:Infinity":12,"s:103:25:103:Infinity":13,"s:107:16:107:Infinity":14,"b:108:2:108:Infinity:undefined:undefined:undefined:undefined":2,"s:108:2:108:Infinity":15,"s:108:13:108:Infinity":16,"s:110:16:110:Infinity":17,"b:111:2:111:Infinity:undefined:undefined:undefined:undefined":3,"s:111:2:111:Infinity":18,"s:111:18:111:Infinity":19,"s:113:15:113:Infinity":20,"s:114:15:114:Infinity":21,"b:115:2:115:Infinity:undefined:undefined:undefined:undefined":4,"s:115:2:115:Infinity":22,"b:115:6:115:15:115:15:115:30":5,"s:115:30:115:Infinity":23,"s:117:2:117:Infinity":24,"f:121:9:121:25":2,"s:122:20:122:Infinity":25,"b:123:2:123:Infinity:undefined:undefined:undefined:undefined":6,"s:123:2:123:Infinity":26,"s:123:18:123:Infinity":27,"s:125:18:125:Infinity":28,"s:126:17:126:Infinity":29,"b:127:2:127:Infinity:undefined:undefined:undefined:undefined":7,"s:127:2:127:Infinity":30,"s:127:30:127:Infinity":31,"s:131:15:131:Infinity":32,"b:131:15:131:43:131:43:131:Infinity":8,"s:132:2:132:Infinity":33,"f:136:16:136:28":3,"s:137:2:137:Infinity":34,"b:137:51:137:70:137:70:137:Infinity":9,"f:141:16:141:24":4,"s:142:2:142:Infinity":35,"f:149:16:149:31":5,"b:149:70:149:86":10,"s:150:15:150:Infinity":36,"b:151:2:151:Infinity:undefined:undefined:undefined:undefined":11,"s:151:2:151:Infinity":37,"s:151:13:151:Infinity":38,"s:153:19:153:Infinity":39,"b:153:32:153:56:153:56:153:Infinity":12,"s:155:2:159:Infinity":40,"b:158:21:158:73:158:73:158:Infinity":13,"f:163:16:163:36":6,"s:164:2:164:Infinity":41,"f:168:16:168:30":7,"s:169:2:169:Infinity":42},"fnNames":{}}}
,"/Users/jonatanbarrosdejesus/Downloads/personalizacoes-main/cifras-louvor/src/lib/music/index.ts": {"path":"/Users/jonatanbarrosdejesus/Downloads/personalizacoes-main/cifras-louvor/src/lib/music/index.ts","statementMap":{},"fnMap":{},"branchMap":{},"s":{},"f":{},"b":{},"meta":{"lastBranch":0,"lastFunction":0,"lastStatement":0,"seen":{},"fnNames":{}}}
,"/Users/jonatanbarrosdejesus/Downloads/personalizacoes-main/cifras-louvor/src/lib/music/key.ts": {"path":"/Users/jonatanbarrosdejesus/Downloads/personalizacoes-main/cifras-louvor/src/lib/music/key.ts","statementMap":{"0":{"start":{"line":19,"column":24},"end":{"line":19,"column":null}},"1":{"start":{"line":21,"column":24},"end":{"line":21,"column":null}},"2":{"start":{"line":28,"column":24},"end":{"line":28,"column":null}},"3":{"start":{"line":29,"column":24},"end":{"line":29,"column":null}},"4":{"start":{"line":32,"column":20},"end":{"line":32,"column":null}},"5":{"start":{"line":34,"column":29},"end":{"line":34,"column":null}},"6":{"start":{"line":36,"column":20},"end":{"line":36,"column":null}},"7":{"start":{"line":37,"column":29},"end":{"line":37,"column":null}},"8":{"start":{"line":39,"column":20},"end":{"line":39,"column":null}},"9":{"start":{"line":43,"column":16},"end":{"line":43,"column":null}},"10":{"start":{"line":44,"column":2},"end":{"line":44,"column":null}},"11":{"start":{"line":44,"column":14},"end":{"line":44,"column":null}},"12":{"start":{"line":46,"column":15},"end":{"line":46,"column":null}},"13":{"start":{"line":47,"column":2},"end":{"line":47,"column":null}},"14":{"start":{"line":47,"column":13},"end":{"line":47,"column":null}},"15":{"start":{"line":49,"column":2},"end":{"line":49,"column":null}},"16":{"start":{"line":54,"column":2},"end":{"line":54,"column":null}},"17":{"start":{"line":59,"column":14},"end":{"line":59,"column":null}},"18":{"start":{"line":60,"column":2},"end":{"line":60,"column":null}},"19":{"start":{"line":60,"column":26},"end":{"line":60,"column":null}},"20":{"start":{"line":61,"column":2},"end":{"line":61,"column":null}},"21":{"start":{"line":66,"column":2},"end":{"line":68,"column":null}},"22":{"start":{"line":67,"column":4},"end":{"line":67,"column":null}},"23":{"start":{"line":73,"column":2},"end":{"line":73,"column":null}},"24":{"start":{"line":78,"column":2},"end":{"line":78,"column":null}},"25":{"start":{"line":83,"column":16},"end":{"line":83,"column":null}},"26":{"start":{"line":84,"column":20},"end":{"line":84,"column":null}},"27":{"start":{"line":85,"column":21},"end":{"line":85,"column":null}},"28":{"start":{"line":86,"column":16},"end":{"line":86,"column":null}},"29":{"start":{"line":88,"column":2},"end":{"line":90,"column":null}},"30":{"start":{"line":89,"column":21},"end":{"line":89,"column":null}},"31":{"start":{"line":107,"column":17},"end":{"line":109,"column":null}},"32":{"start":{"line":108,"column":21},"end":{"line":108,"column":75}},"33":{"start":{"line":109,"column":39},"end":{"line":109,"column":53}},"34":{"start":{"line":111,"column":2},"end":{"line":111,"column":null}},"35":{"start":{"line":111,"column":27},"end":{"line":111,"column":null}},"36":{"start":{"line":113,"column":16},"end":{"line":113,"column":null}},"37":{"start":{"line":114,"column":15},"end":{"line":114,"column":null}},"38":{"start":{"line":116,"column":34},"end":{"line":116,"column":null}},"39":{"start":{"line":118,"column":2},"end":{"line":146,"column":null}},"40":{"start":{"line":119,"column":4},"end":{"line":145,"column":null}},"41":{"start":{"line":119,"column":26},"end":{"line":119,"column":29}},"42":{"start":{"line":120,"column":30},"end":{"line":120,"column":null}},"43":{"start":{"line":121,"column":23},"end":{"line":127,"column":null}},"44":{"start":{"line":123,"column":23},"end":{"line":123,"column":null}},"45":{"start":{"line":124,"column":26},"end":{"line":124,"column":null}},"46":{"start":{"line":125,"column":10},"end":{"line":125,"column":null}},"47":{"start":{"line":129,"column":18},"end":{"line":129,"column":null}},"48":{"start":{"line":130,"column":6},"end":{"line":136,"column":null}},"49":{"start":{"line":131,"column":21},"end":{"line":131,"column":null}},"50":{"start":{"line":132,"column":8},"end":{"line":132,"column":null}},"51":{"start":{"line":132,"column":19},"end":{"line":132,"column":null}},"52":{"start":{"line":133,"column":24},"end":{"line":133,"column":null}},"53":{"start":{"line":134,"column":8},"end":{"line":135,"column":null}},"54":{"start":{"line":134,"column":59},"end":{"line":134,"column":null}},"55":{"start":{"line":135,"column":13},"end":{"line":135,"column":null}},"56":{"start":{"line":135,"column":57},"end":{"line":135,"column":null}},"57":{"start":{"line":138,"column":6},"end":{"line":138,"column":null}},"58":{"start":{"line":138,"column":49},"end":{"line":138,"column":null}},"59":{"start":{"line":139,"column":6},"end":{"line":139,"column":null}},"60":{"start":{"line":139,"column":48},"end":{"line":139,"column":null}},"61":{"start":{"line":141,"column":25},"end":{"line":141,"column":null}},"62":{"start":{"line":142,"column":6},"end":{"line":144,"column":null}},"63":{"start":{"line":143,"column":8},"end":{"line":143,"column":null}},"64":{"start":{"line":148,"column":2},"end":{"line":148,"column":null}},"65":{"start":{"line":153,"column":2},"end":{"line":153,"column":null}},"66":{"start":{"line":153,"column":33},"end":{"line":153,"column":null}},"67":{"start":{"line":154,"column":2},"end":{"line":154,"column":null}},"68":{"start":{"line":154,"column":37},"end":{"line":154,"column":null}},"69":{"start":{"line":155,"column":2},"end":{"line":155,"column":null}},"70":{"start":{"line":159,"column":2},"end":{"line":161,"column":null}},"71":{"start":{"line":160,"column":4},"end":{"line":160,"column":null}},"72":{"start":{"line":160,"column":44},"end":{"line":160,"column":null}},"73":{"start":{"line":162,"column":2},"end":{"line":162,"column":null}},"74":{"start":{"line":166,"column":15},"end":{"line":166,"column":null}},"75":{"start":{"line":167,"column":2},"end":{"line":167,"column":null}},"76":{"start":{"line":167,"column":47},"end":{"line":167,"column":null}},"77":{"start":{"line":168,"column":23},"end":{"line":168,"column":null}},"78":{"start":{"line":169,"column":2},"end":{"line":169,"column":null}},"79":{"start":{"line":174,"column":16},"end":{"line":174,"column":null}},"80":{"start":{"line":175,"column":2},"end":{"line":175,"column":null}},"81":{"start":{"line":180,"column":2},"end":{"line":180,"column":null}}},"fnMap":{"0":{"name":"parseKey","decl":{"start":{"line":42,"column":16},"end":{"line":42,"column":25}},"loc":{"start":{"line":42,"column":57},"end":{"line":50,"column":null}},"line":42},"1":{"name":"formatKey","decl":{"start":{"line":53,"column":16},"end":{"line":53,"column":26}},"loc":{"start":{"line":53,"column":51},"end":{"line":55,"column":null}},"line":53},"2":{"name":"preferredAccidental","decl":{"start":{"line":58,"column":16},"end":{"line":58,"column":36}},"loc":{"start":{"line":58,"column":65},"end":{"line":62,"column":null}},"line":58},"3":{"name":"keysForMode","decl":{"start":{"line":65,"column":16},"end":{"line":65,"column":28}},"loc":{"start":{"line":65,"column":57},"end":{"line":69,"column":null}},"line":65},"4":{"name":"(anonymous_4)","decl":{"start":{"line":66,"column":33},"end":{"line":66,"column":37}},"loc":{"start":{"line":67,"column":4},"end":{"line":67,"column":null}},"line":67},"5":{"name":"pitchClassOfKey","decl":{"start":{"line":72,"column":16},"end":{"line":72,"column":32}},"loc":{"start":{"line":72,"column":57},"end":{"line":74,"column":null}},"line":72},"6":{"name":"semitonesBetween","decl":{"start":{"line":77,"column":16},"end":{"line":77,"column":33}},"loc":{"start":{"line":77,"column":75},"end":{"line":79,"column":null}},"line":77},"7":{"name":"diatonicChords","decl":{"start":{"line":82,"column":16},"end":{"line":82,"column":31}},"loc":{"start":{"line":82,"column":58},"end":{"line":91,"column":null}},"line":82},"8":{"name":"(anonymous_8)","decl":{"start":{"line":88,"column":15},"end":{"line":88,"column":null}},"loc":{"start":{"line":89,"column":21},"end":{"line":89,"column":null}},"line":89},"9":{"name":"detectKey","decl":{"start":{"line":106,"column":16},"end":{"line":106,"column":26}},"loc":{"start":{"line":106,"column":78},"end":{"line":149,"column":null}},"line":106},"10":{"name":"(anonymous_10)","decl":{"start":{"line":108,"column":5},"end":{"line":108,"column":10}},"loc":{"start":{"line":108,"column":21},"end":{"line":108,"column":75}},"line":108},"11":{"name":"(anonymous_11)","decl":{"start":{"line":109,"column":5},"end":{"line":109,"column":13}},"loc":{"start":{"line":109,"column":39},"end":{"line":109,"column":53}},"line":109},"12":{"name":"(anonymous_12)","decl":{"start":{"line":122,"column":28},"end":{"line":122,"column":33}},"loc":{"start":{"line":122,"column":43},"end":{"line":126,"column":9}},"line":122},"13":{"name":"normalizeQualityForMatching","decl":{"start":{"line":152,"column":9},"end":{"line":152,"column":37}},"loc":{"start":{"line":152,"column":61},"end":{"line":156,"column":null}},"line":152},"14":{"name":"hasSameRoot","decl":{"start":{"line":158,"column":9},"end":{"line":158,"column":21}},"loc":{"start":{"line":158,"column":73},"end":{"line":163,"column":null}},"line":158},"15":{"name":"matchesTonic","decl":{"start":{"line":165,"column":9},"end":{"line":165,"column":22}},"loc":{"start":{"line":165,"column":80},"end":{"line":170,"column":null}},"line":165},"16":{"name":"canonicalKey","decl":{"start":{"line":173,"column":16},"end":{"line":173,"column":29}},"loc":{"start":{"line":173,"column":76},"end":{"line":176,"column":null}},"line":173},"17":{"name":"withPreferredSpelling","decl":{"start":{"line":179,"column":9},"end":{"line":179,"column":31}},"loc":{"start":{"line":179,"column":60},"end":{"line":181,"column":null}},"line":179}},"branchMap":{"0":{"loc":{"start":{"line":44,"column":2},"end":{"line":44,"column":null}},"type":"if","locations":[{"start":{"line":44,"column":2},"end":{"line":44,"column":null}},{"start":{},"end":{}}],"line":44},"1":{"loc":{"start":{"line":47,"column":2},"end":{"line":47,"column":null}},"type":"if","locations":[{"start":{"line":47,"column":2},"end":{"line":47,"column":null}},{"start":{},"end":{}}],"line":47},"2":{"loc":{"start":{"line":49,"column":35},"end":{"line":49,"column":64}},"type":"cond-expr","locations":[{"start":{"line":49,"column":46},"end":{"line":49,"column":56}},{"start":{"line":49,"column":56},"end":{"line":49,"column":64}}],"line":49},"3":{"loc":{"start":{"line":54,"column":22},"end":{"line":54,"column":null}},"type":"cond-expr","locations":[{"start":{"line":54,"column":45},"end":{"line":54,"column":51}},{"start":{"line":54,"column":51},"end":{"line":54,"column":null}}],"line":54},"4":{"loc":{"start":{"line":59,"column":14},"end":{"line":59,"column":null}},"type":"cond-expr","locations":[{"start":{"line":59,"column":37},"end":{"line":59,"column":55}},{"start":{"line":59,"column":55},"end":{"line":59,"column":null}}],"line":59},"5":{"loc":{"start":{"line":60,"column":2},"end":{"line":60,"column":null}},"type":"if","locations":[{"start":{"line":60,"column":2},"end":{"line":60,"column":null}},{"start":{},"end":{}}],"line":60},"6":{"loc":{"start":{"line":61,"column":9},"end":{"line":61,"column":null}},"type":"cond-expr","locations":[{"start":{"line":61,"column":35},"end":{"line":61,"column":44}},{"start":{"line":61,"column":44},"end":{"line":61,"column":null}}],"line":61},"7":{"loc":{"start":{"line":73,"column":9},"end":{"line":73,"column":null}},"type":"binary-expr","locations":[{"start":{"line":73,"column":9},"end":{"line":73,"column":45}},{"start":{"line":73,"column":45},"end":{"line":73,"column":null}}],"line":73},"8":{"loc":{"start":{"line":83,"column":16},"end":{"line":83,"column":null}},"type":"cond-expr","locations":[{"start":{"line":83,"column":39},"end":{"line":83,"column":53}},{"start":{"line":83,"column":53},"end":{"line":83,"column":null}}],"line":83},"9":{"loc":{"start":{"line":84,"column":20},"end":{"line":84,"column":null}},"type":"cond-expr","locations":[{"start":{"line":84,"column":43},"end":{"line":84,"column":66}},{"start":{"line":84,"column":66},"end":{"line":84,"column":null}}],"line":84},"10":{"loc":{"start":{"line":108,"column":21},"end":{"line":108,"column":75}},"type":"cond-expr","locations":[{"start":{"line":108,"column":49},"end":{"line":108,"column":69}},{"start":{"line":108,"column":69},"end":{"line":108,"column":75}}],"line":108},"11":{"loc":{"start":{"line":111,"column":2},"end":{"line":111,"column":null}},"type":"if","locations":[{"start":{"line":111,"column":2},"end":{"line":111,"column":null}},{"start":{},"end":{}}],"line":111},"12":{"loc":{"start":{"line":132,"column":8},"end":{"line":132,"column":null}},"type":"if","locations":[{"start":{"line":132,"column":8},"end":{"line":132,"column":null}},{"start":{},"end":{}}],"line":132},"13":{"loc":{"start":{"line":134,"column":8},"end":{"line":135,"column":null}},"type":"if","locations":[{"start":{"line":134,"column":8},"end":{"line":135,"column":null}},{"start":{"line":135,"column":13},"end":{"line":135,"column":null}}],"line":134},"14":{"loc":{"start":{"line":135,"column":13},"end":{"line":135,"column":null}},"type":"if","locations":[{"start":{"line":135,"column":13},"end":{"line":135,"column":null}},{"start":{},"end":{}}],"line":135},"15":{"loc":{"start":{"line":138,"column":6},"end":{"line":138,"column":null}},"type":"if","locations":[{"start":{"line":138,"column":6},"end":{"line":138,"column":null}},{"start":{},"end":{}}],"line":138},"16":{"loc":{"start":{"line":139,"column":6},"end":{"line":139,"column":null}},"type":"if","locations":[{"start":{"line":139,"column":6},"end":{"line":139,"column":null}},{"start":{},"end":{}}],"line":139},"17":{"loc":{"start":{"line":142,"column":6},"end":{"line":144,"column":null}},"type":"if","locations":[{"start":{"line":142,"column":6},"end":{"line":144,"column":null}},{"start":{},"end":{}}],"line":142},"18":{"loc":{"start":{"line":142,"column":10},"end":{"line":142,"column":49}},"type":"binary-expr","locations":[{"start":{"line":142,"column":10},"end":{"line":142,"column":19}},{"start":{"line":142,"column":19},"end":{"line":142,"column":49}}],"line":142},"19":{"loc":{"start":{"line":153,"column":2},"end":{"line":153,"column":null}},"type":"if","locations":[{"start":{"line":153,"column":2},"end":{"line":153,"column":null}},{"start":{},"end":{}}],"line":153},"20":{"loc":{"start":{"line":154,"column":2},"end":{"line":154,"column":null}},"type":"if","locations":[{"start":{"line":154,"column":2},"end":{"line":154,"column":null}},{"start":{},"end":{}}],"line":154},"21":{"loc":{"start":{"line":160,"column":4},"end":{"line":160,"column":null}},"type":"if","locations":[{"start":{"line":160,"column":4},"end":{"line":160,"column":null}},{"start":{},"end":{}}],"line":160},"22":{"loc":{"start":{"line":167,"column":2},"end":{"line":167,"column":null}},"type":"if","locations":[{"start":{"line":167,"column":2},"end":{"line":167,"column":null}},{"start":{},"end":{}}],"line":167},"23":{"loc":{"start":{"line":167,"column":6},"end":{"line":167,"column":47}},"type":"binary-expr","locations":[{"start":{"line":167,"column":6},"end":{"line":167,"column":15}},{"start":{"line":167,"column":15},"end":{"line":167,"column":47}}],"line":167},"24":{"loc":{"start":{"line":169,"column":9},"end":{"line":169,"column":null}},"type":"cond-expr","locations":[{"start":{"line":169,"column":28},"end":{"line":169,"column":43}},{"start":{"line":169,"column":43},"end":{"line":169,"column":null}}],"line":169},"25":{"loc":{"start":{"line":174,"column":16},"end":{"line":174,"column":null}},"type":"cond-expr","locations":[{"start":{"line":174,"column":35},"end":{"line":174,"column":53}},{"start":{"line":174,"column":53},"end":{"line":174,"column":null}}],"line":174}},"s":{"0":3,"1":3,"2":3,"3":3,"4":3,"5":3,"6":3,"7":3,"8":3,"9":46,"10":46,"11":2,"12":44,"13":44,"14":0,"15":44,"16":42,"17":134,"18":134,"19":31,"20":103,"21":3,"22":36,"23":144,"24":1,"25":98,"26":98,"27":98,"28":98,"29":98,"30":686,"31":7,"32":21,"33":21,"34":7,"35":3,"36":4,"37":4,"38":4,"39":4,"40":8,"41":8,"42":96,"43":96,"44":672,"45":672,"46":672,"47":96,"48":96,"49":456,"50":456,"51":0,"52":456,"53":456,"54":114,"55":342,"56":152,"57":96,"58":4,"59":96,"60":4,"61":96,"62":96,"63":8,"64":4,"65":472,"66":0,"67":472,"68":154,"69":318,"70":342,"71":1930,"72":152,"73":190,"74":192,"75":192,"76":176,"77":16,"78":16,"79":57,"80":57,"81":44},"f":{"0":46,"1":42,"2":134,"3":3,"4":36,"5":144,"6":1,"7":98,"8":686,"9":7,"10":21,"11":21,"12":672,"13":472,"14":342,"15":192,"16":57,"17":44},"b":{"0":[2,44],"1":[0,44],"2":[5,39],"3":[16,26],"4":[52,82],"5":[31,103],"6":[0,103],"7":[144,0],"8":[49,49],"9":[49,49],"10":[21,0],"11":[3,4],"12":[0,456],"13":[114,342],"14":[152,190],"15":[4,92],"16":[4,92],"17":[8,88],"18":[96,92],"19":[0,472],"20":[154,318],"21":[152,1778],"22":[176,16],"23":[192,192],"24":[8,8],"25":[16,41]},"meta":{"lastBranch":26,"lastFunction":18,"lastStatement":82,"seen":{"s:19:24:19:Infinity":0,"s:21:24:21:Infinity":1,"s:28:24:28:Infinity":2,"s:29:24:29:Infinity":3,"s:32:20:32:Infinity":4,"s:34:29:34:Infinity":5,"s:36:20:36:Infinity":6,"s:37:29:37:Infinity":7,"s:39:20:39:Infinity":8,"f:42:16:42:25":0,"s:43:16:43:Infinity":9,"b:44:2:44:Infinity:undefined:undefined:undefined:undefined":0,"s:44:2:44:Infinity":10,"s:44:14:44:Infinity":11,"s:46:15:46:Infinity":12,"b:47:2:47:Infinity:undefined:undefined:undefined:undefined":1,"s:47:2:47:Infinity":13,"s:47:13:47:Infinity":14,"s:49:2:49:Infinity":15,"b:49:46:49:56:49:56:49:64":2,"f:53:16:53:26":1,"s:54:2:54:Infinity":16,"b:54:45:54:51:54:51:54:Infinity":3,"f:58:16:58:36":2,"s:59:14:59:Infinity":17,"b:59:37:59:55:59:55:59:Infinity":4,"b:60:2:60:Infinity:undefined:undefined:undefined:undefined":5,"s:60:2:60:Infinity":18,"s:60:26:60:Infinity":19,"s:61:2:61:Infinity":20,"b:61:35:61:44:61:44:61:Infinity":6,"f:65:16:65:28":3,"s:66:2:68:Infinity":21,"f:66:33:66:37":4,"s:67:4:67:Infinity":22,"f:72:16:72:32":5,"s:73:2:73:Infinity":23,"b:73:9:73:45:73:45:73:Infinity":7,"f:77:16:77:33":6,"s:78:2:78:Infinity":24,"f:82:16:82:31":7,"s:83:16:83:Infinity":25,"b:83:39:83:53:83:53:83:Infinity":8,"s:84:20:84:Infinity":26,"b:84:43:84:66:84:66:84:Infinity":9,"s:85:21:85:Infinity":27,"s:86:16:86:Infinity":28,"s:88:2:90:Infinity":29,"f:88:15:88:Infinity":8,"s:89:21:89:Infinity":30,"f:106:16:106:26":9,"s:107:17:109:Infinity":31,"f:108:5:108:10":10,"s:108:21:108:75":32,"b:108:49:108:69:108:69:108:75":10,"f:109:5:109:13":11,"s:109:39:109:53":33,"b:111:2:111:Infinity:undefined:undefined:undefined:undefined":11,"s:111:2:111:Infinity":34,"s:111:27:111:Infinity":35,"s:113:16:113:Infinity":36,"s:114:15:114:Infinity":37,"s:116:34:116:Infinity":38,"s:118:2:146:Infinity":39,"s:119:4:145:Infinity":40,"s:119:26:119:29":41,"s:120:30:120:Infinity":42,"s:121:23:127:Infinity":43,"f:122:28:122:33":12,"s:123:23:123:Infinity":44,"s:124:26:124:Infinity":45,"s:125:10:125:Infinity":46,"s:129:18:129:Infinity":47,"s:130:6:136:Infinity":48,"s:131:21:131:Infinity":49,"b:132:8:132:Infinity:undefined:undefined:undefined:undefined":12,"s:132:8:132:Infinity":50,"s:132:19:132:Infinity":51,"s:133:24:133:Infinity":52,"b:134:8:135:Infinity:135:13:135:Infinity":13,"s:134:8:135:Infinity":53,"s:134:59:134:Infinity":54,"b:135:13:135:Infinity:undefined:undefined:undefined:undefined":14,"s:135:13:135:Infinity":55,"s:135:57:135:Infinity":56,"b:138:6:138:Infinity:undefined:undefined:undefined:undefined":15,"s:138:6:138:Infinity":57,"s:138:49:138:Infinity":58,"b:139:6:139:Infinity:undefined:undefined:undefined:undefined":16,"s:139:6:139:Infinity":59,"s:139:48:139:Infinity":60,"s:141:25:141:Infinity":61,"b:142:6:144:Infinity:undefined:undefined:undefined:undefined":17,"s:142:6:144:Infinity":62,"b:142:10:142:19:142:19:142:49":18,"s:143:8:143:Infinity":63,"s:148:2:148:Infinity":64,"f:152:9:152:37":13,"b:153:2:153:Infinity:undefined:undefined:undefined:undefined":19,"s:153:2:153:Infinity":65,"s:153:33:153:Infinity":66,"b:154:2:154:Infinity:undefined:undefined:undefined:undefined":20,"s:154:2:154:Infinity":67,"s:154:37:154:Infinity":68,"s:155:2:155:Infinity":69,"f:158:9:158:21":14,"s:159:2:161:Infinity":70,"b:160:4:160:Infinity:undefined:undefined:undefined:undefined":21,"s:160:4:160:Infinity":71,"s:160:44:160:Infinity":72,"s:162:2:162:Infinity":73,"f:165:9:165:22":15,"s:166:15:166:Infinity":74,"b:167:2:167:Infinity:undefined:undefined:undefined:undefined":22,"s:167:2:167:Infinity":75,"b:167:6:167:15:167:15:167:47":23,"s:167:47:167:Infinity":76,"s:168:23:168:Infinity":77,"s:169:2:169:Infinity":78,"b:169:28:169:43:169:43:169:Infinity":24,"f:173:16:173:29":16,"s:174:16:174:Infinity":79,"b:174:35:174:53:174:53:174:Infinity":25,"s:175:2:175:Infinity":80,"f:179:9:179:31":17,"s:180:2:180:Infinity":81},"fnNames":{}}}
,"/Users/jonatanbarrosdejesus/Downloads/personalizacoes-main/cifras-louvor/src/lib/music/notes.ts": {"path":"/Users/jonatanbarrosdejesus/Downloads/personalizacoes-main/cifras-louvor/src/lib/music/notes.ts","statementMap":{"0":{"start":{"line":23,"column":36},"end":{"line":23,"column":null}},"1":{"start":{"line":26,"column":45},"end":{"line":34,"column":null}},"2":{"start":{"line":36,"column":28},"end":{"line":36,"column":null}},"3":{"start":{"line":39,"column":27},"end":{"line":52,"column":null}},"4":{"start":{"line":55,"column":26},"end":{"line":68,"column":null}},"5":{"start":{"line":70,"column":21},"end":{"line":70,"column":null}},"6":{"start":{"line":74,"column":14},"end":{"line":74,"column":null}},"7":{"start":{"line":75,"column":13},"end":{"line":75,"column":null}},"8":{"start":{"line":77,"column":2},"end":{"line":96,"column":null}},"9":{"start":{"line":78,"column":4},"end":{"line":95,"column":null}},"10":{"start":{"line":81,"column":8},"end":{"line":81,"column":null}},"11":{"start":{"line":82,"column":8},"end":{"line":82,"column":null}},"12":{"start":{"line":83,"column":8},"end":{"line":83,"column":null}},"13":{"start":{"line":86,"column":8},"end":{"line":86,"column":null}},"14":{"start":{"line":87,"column":8},"end":{"line":87,"column":null}},"15":{"start":{"line":88,"column":8},"end":{"line":88,"column":null}},"16":{"start":{"line":90,"column":8},"end":{"line":90,"column":null}},"17":{"start":{"line":91,"column":8},"end":{"line":91,"column":null}},"18":{"start":{"line":92,"column":8},"end":{"line":92,"column":null}},"19":{"start":{"line":94,"column":8},"end":{"line":94,"column":null}},"20":{"start":{"line":98,"column":2},"end":{"line":98,"column":null}},"21":{"start":{"line":103,"column":2},"end":{"line":103,"column":null}},"22":{"start":{"line":111,"column":16},"end":{"line":111,"column":null}},"23":{"start":{"line":112,"column":2},"end":{"line":112,"column":null}},"24":{"start":{"line":112,"column":14},"end":{"line":112,"column":null}},"25":{"start":{"line":114,"column":17},"end":{"line":114,"column":null}},"26":{"start":{"line":115,"column":26},"end":{"line":115,"column":null}},"27":{"start":{"line":117,"column":2},"end":{"line":122,"column":null}},"28":{"start":{"line":127,"column":2},"end":{"line":127,"column":null}},"29":{"start":{"line":132,"column":16},"end":{"line":132,"column":null}},"30":{"start":{"line":133,"column":2},"end":{"line":133,"column":null}},"31":{"start":{"line":138,"column":16},"end":{"line":138,"column":null}},"32":{"start":{"line":139,"column":17},"end":{"line":139,"column":null}},"33":{"start":{"line":140,"column":2},"end":{"line":140,"column":null}}},"fnMap":{"0":{"name":"normalizeAccidentals","decl":{"start":{"line":73,"column":9},"end":{"line":73,"column":30}},"loc":{"start":{"line":73,"column":76},"end":{"line":99,"column":null}},"line":73},"1":{"name":"mod12","decl":{"start":{"line":102,"column":16},"end":{"line":102,"column":22}},"loc":{"start":{"line":102,"column":45},"end":{"line":104,"column":null}},"line":102},"2":{"name":"parseNote","decl":{"start":{"line":110,"column":16},"end":{"line":110,"column":26}},"loc":{"start":{"line":110,"column":52},"end":{"line":123,"column":null}},"line":110},"3":{"name":"pitchClassOf","decl":{"start":{"line":126,"column":16},"end":{"line":126,"column":29}},"loc":{"start":{"line":126,"column":57},"end":{"line":128,"column":null}},"line":126},"4":{"name":"formatPitchClass","decl":{"start":{"line":131,"column":16},"end":{"line":131,"column":33}},"loc":{"start":{"line":131,"column":95},"end":{"line":134,"column":null}},"line":131},"5":{"name":"isEnharmonic","decl":{"start":{"line":137,"column":16},"end":{"line":137,"column":29}},"loc":{"start":{"line":137,"column":60},"end":{"line":141,"column":null}},"line":137}},"branchMap":{"0":{"loc":{"start":{"line":78,"column":4},"end":{"line":95,"column":null}},"type":"switch","locations":[{"start":{"line":79,"column":6},"end":{"line":79,"column":null}},{"start":{"line":80,"column":6},"end":{"line":83,"column":null}},{"start":{"line":84,"column":6},"end":{"line":84,"column":null}},{"start":{"line":85,"column":6},"end":{"line":88,"column":null}},{"start":{"line":89,"column":6},"end":{"line":92,"column":null}},{"start":{"line":93,"column":6},"end":{"line":94,"column":null}}],"line":78},"1":{"loc":{"start":{"line":112,"column":2},"end":{"line":112,"column":null}},"type":"if","locations":[{"start":{"line":112,"column":2},"end":{"line":112,"column":null}},{"start":{},"end":{}}],"line":112},"2":{"loc":{"start":{"line":127,"column":9},"end":{"line":127,"column":null}},"type":"binary-expr","locations":[{"start":{"line":127,"column":9},"end":{"line":127,"column":39}},{"start":{"line":127,"column":39},"end":{"line":127,"column":null}}],"line":127},"3":{"loc":{"start":{"line":131,"column":53},"end":{"line":131,"column":95}},"type":"default-arg","locations":[{"start":{"line":131,"column":78},"end":{"line":131,"column":95}}],"line":131},"4":{"loc":{"start":{"line":132,"column":16},"end":{"line":132,"column":null}},"type":"cond-expr","locations":[{"start":{"line":132,"column":40},"end":{"line":132,"column":53}},{"start":{"line":132,"column":53},"end":{"line":132,"column":null}}],"line":132},"5":{"loc":{"start":{"line":140,"column":9},"end":{"line":140,"column":null}},"type":"binary-expr","locations":[{"start":{"line":140,"column":9},"end":{"line":140,"column":27}},{"start":{"line":140,"column":27},"end":{"line":140,"column":null}}],"line":140}},"s":{"0":4,"1":4,"2":4,"3":4,"4":4,"5":4,"6":1692,"7":1692,"8":1692,"9":381,"10":318,"11":318,"12":318,"13":63,"14":63,"15":63,"16":0,"17":0,"18":0,"19":0,"20":1692,"21":2629,"22":1693,"23":1693,"24":1,"25":1692,"26":1692,"27":1692,"28":0,"29":874,"30":874,"31":0,"32":0,"33":0},"f":{"0":1692,"1":2629,"2":1693,"3":0,"4":874,"5":0},"b":{"0":[317,318,62,63,0,0],"1":[1,1692],"2":[0,0],"3":[874],"4":[152,722],"5":[0,0]},"meta":{"lastBranch":6,"lastFunction":6,"lastStatement":34,"seen":{"s:23:36:23:Infinity":0,"s:26:45:34:Infinity":1,"s:36:28:36:Infinity":2,"s:39:27:52:Infinity":3,"s:55:26:68:Infinity":4,"s:70:21:70:Infinity":5,"f:73:9:73:30":0,"s:74:14:74:Infinity":6,"s:75:13:75:Infinity":7,"s:77:2:96:Infinity":8,"b:79:6:79:Infinity:80:6:83:Infinity:84:6:84:Infinity:85:6:88:Infinity:89:6:92:Infinity:93:6:94:Infinity":0,"s:78:4:95:Infinity":9,"s:81:8:81:Infinity":10,"s:82:8:82:Infinity":11,"s:83:8:83:Infinity":12,"s:86:8:86:Infinity":13,"s:87:8:87:Infinity":14,"s:88:8:88:Infinity":15,"s:90:8:90:Infinity":16,"s:91:8:91:Infinity":17,"s:92:8:92:Infinity":18,"s:94:8:94:Infinity":19,"s:98:2:98:Infinity":20,"f:102:16:102:22":1,"s:103:2:103:Infinity":21,"f:110:16:110:26":2,"s:111:16:111:Infinity":22,"b:112:2:112:Infinity:undefined:undefined:undefined:undefined":1,"s:112:2:112:Infinity":23,"s:112:14:112:Infinity":24,"s:114:17:114:Infinity":25,"s:115:26:115:Infinity":26,"s:117:2:122:Infinity":27,"f:126:16:126:29":3,"s:127:2:127:Infinity":28,"b:127:9:127:39:127:39:127:Infinity":2,"f:131:16:131:33":4,"b:131:78:131:95":3,"s:132:16:132:Infinity":29,"b:132:40:132:53:132:53:132:Infinity":4,"s:133:2:133:Infinity":30,"f:137:16:137:29":5,"s:138:16:138:Infinity":31,"s:139:17:139:Infinity":32,"s:140:2:140:Infinity":33,"b:140:9:140:27:140:27:140:Infinity":5},"fnNames":{}}}
,"/Users/jonatanbarrosdejesus/Downloads/personalizacoes-main/cifras-louvor/src/lib/music/transpose.ts": {"path":"/Users/jonatanbarrosdejesus/Downloads/personalizacoes-main/cifras-louvor/src/lib/music/transpose.ts","statementMap":{"0":{"start":{"line":31,"column":43},"end":{"line":31,"column":null}},"1":{"start":{"line":32,"column":2},"end":{"line":32,"column":null}},"2":{"start":{"line":32,"column":27},"end":{"line":32,"column":null}},"3":{"start":{"line":34,"column":14},"end":{"line":34,"column":null}},"4":{"start":{"line":35,"column":2},"end":{"line":35,"column":null}},"5":{"start":{"line":44,"column":15},"end":{"line":44,"column":null}},"6":{"start":{"line":45,"column":2},"end":{"line":45,"column":null}},"7":{"start":{"line":45,"column":13},"end":{"line":45,"column":null}},"8":{"start":{"line":46,"column":2},"end":{"line":46,"column":null}},"9":{"start":{"line":55,"column":21},"end":{"line":55,"column":null}},"10":{"start":{"line":56,"column":2},"end":{"line":60,"column":null}},"11":{"start":{"line":72,"column":16},"end":{"line":72,"column":null}},"12":{"start":{"line":73,"column":2},"end":{"line":73,"column":null}},"13":{"start":{"line":73,"column":14},"end":{"line":73,"column":null}},"14":{"start":{"line":74,"column":2},"end":{"line":74,"column":null}},"15":{"start":{"line":79,"column":16},"end":{"line":79,"column":null}},"16":{"start":{"line":80,"column":2},"end":{"line":80,"column":null}},"17":{"start":{"line":80,"column":14},"end":{"line":80,"column":null}},"18":{"start":{"line":81,"column":2},"end":{"line":81,"column":null}},"19":{"start":{"line":89,"column":15},"end":{"line":89,"column":null}},"20":{"start":{"line":90,"column":13},"end":{"line":90,"column":null}},"21":{"start":{"line":91,"column":2},"end":{"line":91,"column":null}},"22":{"start":{"line":91,"column":20},"end":{"line":91,"column":null}},"23":{"start":{"line":92,"column":2},"end":{"line":92,"column":null}},"24":{"start":{"line":100,"column":21},"end":{"line":100,"column":null}},"25":{"start":{"line":101,"column":2},"end":{"line":101,"column":null}},"26":{"start":{"line":106,"column":16},"end":{"line":106,"column":null}},"27":{"start":{"line":107,"column":2},"end":{"line":107,"column":null}},"28":{"start":{"line":107,"column":19},"end":{"line":107,"column":null}},"29":{"start":{"line":108,"column":2},"end":{"line":108,"column":null}},"30":{"start":{"line":117,"column":2},"end":{"line":117,"column":null}},"31":{"start":{"line":117,"column":31},"end":{"line":117,"column":72}},"32":{"start":{"line":122,"column":14},"end":{"line":122,"column":null}},"33":{"start":{"line":123,"column":2},"end":{"line":123,"column":null}},"34":{"start":{"line":123,"column":12},"end":{"line":123,"column":null}},"35":{"start":{"line":124,"column":2},"end":{"line":124,"column":null}}},"fnMap":{"0":{"name":"resolveAccidental","decl":{"start":{"line":30,"column":16},"end":{"line":30,"column":34}},"loc":{"start":{"line":30,"column":78},"end":{"line":36,"column":null}},"line":30},"1":{"name":"transposeNote","decl":{"start":{"line":39,"column":16},"end":{"line":39,"column":null}},"loc":{"start":{"line":43,"column":10},"end":{"line":47,"column":null}},"line":43},"2":{"name":"transposeParsedChord","decl":{"start":{"line":50,"column":16},"end":{"line":50,"column":null}},"loc":{"start":{"line":54,"column":9},"end":{"line":61,"column":null}},"line":54},"3":{"name":"transposeChord","decl":{"start":{"line":67,"column":16},"end":{"line":67,"column":null}},"loc":{"start":{"line":71,"column":10},"end":{"line":75,"column":null}},"line":71},"4":{"name":"transposeKey","decl":{"start":{"line":78,"column":16},"end":{"line":78,"column":29}},"loc":{"start":{"line":78,"column":77},"end":{"line":82,"column":null}},"line":78},"5":{"name":"semitonesToKey","decl":{"start":{"line":85,"column":16},"end":{"line":85,"column":null}},"loc":{"start":{"line":88,"column":10},"end":{"line":93,"column":null}},"line":88},"6":{"name":"signedSemitones","decl":{"start":{"line":99,"column":16},"end":{"line":99,"column":32}},"loc":{"start":{"line":99,"column":59},"end":{"line":102,"column":null}},"line":99},"7":{"name":"formatTransposeLabel","decl":{"start":{"line":105,"column":16},"end":{"line":105,"column":37}},"loc":{"start":{"line":105,"column":64},"end":{"line":109,"column":null}},"line":105},"8":{"name":"transposeChords","decl":{"start":{"line":112,"column":16},"end":{"line":112,"column":null}},"loc":{"start":{"line":116,"column":12},"end":{"line":118,"column":null}},"line":116},"9":{"name":"(anonymous_9)","decl":{"start":{"line":117,"column":16},"end":{"line":117,"column":21}},"loc":{"start":{"line":117,"column":31},"end":{"line":117,"column":72}},"line":117},"10":{"name":"transposedKeyName","decl":{"start":{"line":121,"column":16},"end":{"line":121,"column":34}},"loc":{"start":{"line":121,"column":95},"end":{"line":125,"column":null}},"line":121}},"branchMap":{"0":{"loc":{"start":{"line":30,"column":34},"end":{"line":30,"column":78}},"type":"default-arg","locations":[{"start":{"line":30,"column":62},"end":{"line":30,"column":78}}],"line":30},"1":{"loc":{"start":{"line":31,"column":10},"end":{"line":31,"column":29}},"type":"default-arg","locations":[{"start":{"line":31,"column":21},"end":{"line":31,"column":29}}],"line":31},"2":{"loc":{"start":{"line":32,"column":2},"end":{"line":32,"column":null}},"type":"if","locations":[{"start":{"line":32,"column":2},"end":{"line":32,"column":null}},{"start":{},"end":{}}],"line":32},"3":{"loc":{"start":{"line":34,"column":14},"end":{"line":34,"column":null}},"type":"cond-expr","locations":[{"start":{"line":34,"column":46},"end":{"line":34,"column":68}},{"start":{"line":34,"column":68},"end":{"line":34,"column":null}}],"line":34},"4":{"loc":{"start":{"line":35,"column":9},"end":{"line":35,"column":null}},"type":"cond-expr","locations":[{"start":{"line":35,"column":15},"end":{"line":35,"column":42}},{"start":{"line":35,"column":42},"end":{"line":35,"column":null}}],"line":35},"5":{"loc":{"start":{"line":42,"column":2},"end":{"line":42,"column":null}},"type":"default-arg","locations":[{"start":{"line":42,"column":27},"end":{"line":42,"column":null}}],"line":42},"6":{"loc":{"start":{"line":45,"column":2},"end":{"line":45,"column":null}},"type":"if","locations":[{"start":{"line":45,"column":2},"end":{"line":45,"column":null}},{"start":{},"end":{}}],"line":45},"7":{"loc":{"start":{"line":53,"column":2},"end":{"line":53,"column":null}},"type":"default-arg","locations":[{"start":{"line":53,"column":30},"end":{"line":53,"column":null}}],"line":53},"8":{"loc":{"start":{"line":59,"column":10},"end":{"line":59,"column":null}},"type":"cond-expr","locations":[{"start":{"line":59,"column":23},"end":{"line":59,"column":74}},{"start":{"line":59,"column":74},"end":{"line":59,"column":null}}],"line":59},"9":{"loc":{"start":{"line":70,"column":2},"end":{"line":70,"column":null}},"type":"default-arg","locations":[{"start":{"line":70,"column":30},"end":{"line":70,"column":null}}],"line":70},"10":{"loc":{"start":{"line":73,"column":2},"end":{"line":73,"column":null}},"type":"if","locations":[{"start":{"line":73,"column":2},"end":{"line":73,"column":null}},{"start":{},"end":{}}],"line":73},"11":{"loc":{"start":{"line":80,"column":2},"end":{"line":80,"column":null}},"type":"if","locations":[{"start":{"line":80,"column":2},"end":{"line":80,"column":null}},{"start":{},"end":{}}],"line":80},"12":{"loc":{"start":{"line":89,"column":15},"end":{"line":89,"column":null}},"type":"cond-expr","locations":[{"start":{"line":89,"column":49},"end":{"line":89,"column":73}},{"start":{"line":89,"column":73},"end":{"line":89,"column":null}}],"line":89},"13":{"loc":{"start":{"line":90,"column":13},"end":{"line":90,"column":null}},"type":"cond-expr","locations":[{"start":{"line":90,"column":45},"end":{"line":90,"column":67}},{"start":{"line":90,"column":67},"end":{"line":90,"column":null}}],"line":90},"14":{"loc":{"start":{"line":91,"column":2},"end":{"line":91,"column":null}},"type":"if","locations":[{"start":{"line":91,"column":2},"end":{"line":91,"column":null}},{"start":{},"end":{}}],"line":91},"15":{"loc":{"start":{"line":91,"column":6},"end":{"line":91,"column":20}},"type":"binary-expr","locations":[{"start":{"line":91,"column":6},"end":{"line":91,"column":15}},{"start":{"line":91,"column":15},"end":{"line":91,"column":20}}],"line":91},"16":{"loc":{"start":{"line":101,"column":9},"end":{"line":101,"column":null}},"type":"cond-expr","locations":[{"start":{"line":101,"column":26},"end":{"line":101,"column":44}},{"start":{"line":101,"column":44},"end":{"line":101,"column":null}}],"line":101},"17":{"loc":{"start":{"line":107,"column":2},"end":{"line":107,"column":null}},"type":"if","locations":[{"start":{"line":107,"column":2},"end":{"line":107,"column":null}},{"start":{},"end":{}}],"line":107},"18":{"loc":{"start":{"line":108,"column":9},"end":{"line":108,"column":null}},"type":"cond-expr","locations":[{"start":{"line":108,"column":21},"end":{"line":108,"column":35}},{"start":{"line":108,"column":35},"end":{"line":108,"column":null}}],"line":108},"19":{"loc":{"start":{"line":115,"column":2},"end":{"line":115,"column":null}},"type":"default-arg","locations":[{"start":{"line":115,"column":30},"end":{"line":115,"column":null}}],"line":115},"20":{"loc":{"start":{"line":122,"column":14},"end":{"line":122,"column":null}},"type":"cond-expr","locations":[{"start":{"line":122,"column":48},"end":{"line":122,"column":72}},{"start":{"line":122,"column":72},"end":{"line":122,"column":null}}],"line":122},"21":{"loc":{"start":{"line":123,"column":2},"end":{"line":123,"column":null}},"type":"if","locations":[{"start":{"line":123,"column":2},"end":{"line":123,"column":null}},{"start":{},"end":{}}],"line":123},"22":{"loc":{"start":{"line":123,"column":19},"end":{"line":123,"column":null}},"type":"cond-expr","locations":[{"start":{"line":123,"column":53},"end":{"line":123,"column":67}},{"start":{"line":123,"column":67},"end":{"line":123,"column":null}}],"line":123}},"s":{"0":48,"1":48,"2":17,"3":31,"4":48,"5":52,"6":52,"7":0,"8":52,"9":48,"10":48,"11":50,"12":50,"13":2,"14":48,"15":13,"16":13,"17":0,"18":13,"19":1,"20":1,"21":1,"22":0,"23":1,"24":5,"25":5,"26":3,"27":3,"28":1,"29":2,"30":1,"31":4,"32":13,"33":13,"34":0,"35":13},"f":{"0":48,"1":52,"2":48,"3":50,"4":13,"5":1,"6":5,"7":3,"8":1,"9":4,"10":13},"b":{"0":[48],"1":[48],"2":[17,31],"3":[16,15],"4":[31,0],"5":[52],"6":[0,52],"7":[48],"8":[4,44],"9":[50],"10":[2,48],"11":[0,13],"12":[1,0],"13":[1,0],"14":[0,1],"15":[1,1],"16":[2,3],"17":[1,2],"18":[1,1],"19":[1],"20":[13,0],"21":[0,13],"22":[0,0]},"meta":{"lastBranch":23,"lastFunction":11,"lastStatement":36,"seen":{"f:30:16:30:34":0,"b:30:62:30:78":0,"s:31:43:31:Infinity":0,"b:31:21:31:29":1,"b:32:2:32:Infinity:undefined:undefined:undefined:undefined":2,"s:32:2:32:Infinity":1,"s:32:27:32:Infinity":2,"s:34:14:34:Infinity":3,"b:34:46:34:68:34:68:34:Infinity":3,"s:35:2:35:Infinity":4,"b:35:15:35:42:35:42:35:Infinity":4,"f:39:16:39:Infinity":1,"b:42:27:42:Infinity":5,"s:44:15:44:Infinity":5,"b:45:2:45:Infinity:undefined:undefined:undefined:undefined":6,"s:45:2:45:Infinity":6,"s:45:13:45:Infinity":7,"s:46:2:46:Infinity":8,"f:50:16:50:Infinity":2,"b:53:30:53:Infinity":7,"s:55:21:55:Infinity":9,"s:56:2:60:Infinity":10,"b:59:23:59:74:59:74:59:Infinity":8,"f:67:16:67:Infinity":3,"b:70:30:70:Infinity":9,"s:72:16:72:Infinity":11,"b:73:2:73:Infinity:undefined:undefined:undefined:undefined":10,"s:73:2:73:Infinity":12,"s:73:14:73:Infinity":13,"s:74:2:74:Infinity":14,"f:78:16:78:29":4,"s:79:16:79:Infinity":15,"b:80:2:80:Infinity:undefined:undefined:undefined:undefined":11,"s:80:2:80:Infinity":16,"s:80:14:80:Infinity":17,"s:81:2:81:Infinity":18,"f:85:16:85:Infinity":5,"s:89:15:89:Infinity":19,"b:89:49:89:73:89:73:89:Infinity":12,"s:90:13:90:Infinity":20,"b:90:45:90:67:90:67:90:Infinity":13,"b:91:2:91:Infinity:undefined:undefined:undefined:undefined":14,"s:91:2:91:Infinity":21,"b:91:6:91:15:91:15:91:20":15,"s:91:20:91:Infinity":22,"s:92:2:92:Infinity":23,"f:99:16:99:32":6,"s:100:21:100:Infinity":24,"s:101:2:101:Infinity":25,"b:101:26:101:44:101:44:101:Infinity":16,"f:105:16:105:37":7,"s:106:16:106:Infinity":26,"b:107:2:107:Infinity:undefined:undefined:undefined:undefined":17,"s:107:2:107:Infinity":27,"s:107:19:107:Infinity":28,"s:108:2:108:Infinity":29,"b:108:21:108:35:108:35:108:Infinity":18,"f:112:16:112:Infinity":8,"b:115:30:115:Infinity":19,"s:117:2:117:Infinity":30,"f:117:16:117:21":9,"s:117:31:117:72":31,"f:121:16:121:34":10,"s:122:14:122:Infinity":32,"b:122:48:122:72:122:72:122:Infinity":20,"b:123:2:123:Infinity:undefined:undefined:undefined:undefined":21,"s:123:2:123:Infinity":33,"s:123:12:123:Infinity":34,"b:123:53:123:67:123:67:123:Infinity":22,"s:124:2:124:Infinity":35},"fnNames":{}}}
}
